<?xml version="1.0" encoding="UTF-8"?>
<testsuite name="de.tum.cit.aet.artemis.assessment.ComplaintResponseIntegrationTest" tests="36" skipped="0" failures="0" errors="0" timestamp="2025-02-14T23:42:34" hostname="fv-az1721-502" time="3.221">
  <properties/>
  <testcase name="createLock_sameAsAssessor_shouldThrowAccessForbiddenException()" classname="de.tum.cit.aet.artemis.assessment.ComplaintResponseIntegrationTest" time="0.089"/>
  <testcase name="createLock_noFailureCondition_shouldCreateEmptyComplaintResponse()" classname="de.tum.cit.aet.artemis.assessment.ComplaintResponseIntegrationTest" time="0.072"/>
  <testcase name="resolveComplaint_LockActive_shouldThrowComplaintResponseLockedException()" classname="de.tum.cit.aet.artemis.assessment.ComplaintResponseIntegrationTest" time="0.062"/>
  <testcase name="resolveComplaint_assessor_shouldThrowAccessForbiddenException()" classname="de.tum.cit.aet.artemis.assessment.ComplaintResponseIntegrationTest" time="0.074"/>
  <testcase name="createLock_alreadyResolved_shouldThrowIllegalArgumentException()" classname="de.tum.cit.aet.artemis.assessment.ComplaintResponseIntegrationTest" time="0.062"/>
  <testcase name="resolveComplaint_noFailureCondition_shouldResolveComplaint()" classname="de.tum.cit.aet.artemis.assessment.ComplaintResponseIntegrationTest" time="0.074"/>
  <testcase name="refreshLock_sameAsAssessor_shouldThrowAccessForbiddenException()" classname="de.tum.cit.aet.artemis.assessment.ComplaintResponseIntegrationTest" time="0.078"/>
  <testcase name="refreshLock_noinitialLockComplaintResponseExists_shouldThrowIllegalArgumentException()" classname="de.tum.cit.aet.artemis.assessment.ComplaintResponseIntegrationTest" time="0.092"/>
  <testcase name="refreshLock_complaintDoesNotExist_shouldThrowIllegalArgumentException()" classname="de.tum.cit.aet.artemis.assessment.ComplaintResponseIntegrationTest" time="0.14"/>
  <testcase name="createLock_alreadyConnectedToComplaintResponse_shouldThrowIllegalArgumentException()" classname="de.tum.cit.aet.artemis.assessment.ComplaintResponseIntegrationTest" time="0.123"/>
  <testcase name="removeLock_complaintIsAlreadyHandled_shouldThrowIllegalArgumentException()" classname="de.tum.cit.aet.artemis.assessment.ComplaintResponseIntegrationTest" time="0.109"/>
  <testcase name="removeLock_complaintResponseIsAlreadySubmitted_shouldThrowIllegalArgumentException()" classname="de.tum.cit.aet.artemis.assessment.ComplaintResponseIntegrationTest" time="0.068"/>
  <testcase name="refreshLock_complaintAlreadyResolved_shouldThrowIllegalArgumentException()" classname="de.tum.cit.aet.artemis.assessment.ComplaintResponseIntegrationTest" time="0.1"/>
  <testcase name="removeLock_notCreatorAndLockNotActive_shouldRemoveLock()" classname="de.tum.cit.aet.artemis.assessment.ComplaintResponseIntegrationTest" time="0.143"/>
  <testcase name="removeLock_creatorAndLockActive_shouldRemoveLock()" classname="de.tum.cit.aet.artemis.assessment.ComplaintResponseIntegrationTest" time="0.08"/>
  <testcase name="removeLock_ComplaintNotFoundInDatabase_shouldThrowIllegalArgumentException()" classname="de.tum.cit.aet.artemis.assessment.ComplaintResponseIntegrationTest" time="0.113"/>
  <testcase name="resolveMoreFeedBackRequest_NOTassessor_shouldThrowAccessForbiddenException()" classname="de.tum.cit.aet.artemis.assessment.ComplaintResponseIntegrationTest" time="0.081"/>
  <testcase name="removeLock_IsAssessor_shouldThrowAccessForbiddenException()" classname="de.tum.cit.aet.artemis.assessment.ComplaintResponseIntegrationTest" time="0.062"/>
  <testcase name="removeLock_asInstructor_shouldRemoveLock()" classname="de.tum.cit.aet.artemis.assessment.ComplaintResponseIntegrationTest" time="0.098"/>
  <testcase name="refreshLock_complaintResponseAlreadySubmitted_shouldThrowIllegalArgumentException()" classname="de.tum.cit.aet.artemis.assessment.ComplaintResponseIntegrationTest" time="0.095"/>
  <testcase name="resolveComplaint_LockActiveBUTInstructor_shouldResolve()" classname="de.tum.cit.aet.artemis.assessment.ComplaintResponseIntegrationTest" time="0.114"/>
  <testcase name="resolveComplaint_emptyComplaintResponseNotFoundInDatabase_shouldThrowIllegalArgumentException()" classname="de.tum.cit.aet.artemis.assessment.ComplaintResponseIntegrationTest" time="0.059"/>
  <testcase name="refreshLock_LockActiveBUTInstructor_shouldRefreshLock()" classname="de.tum.cit.aet.artemis.assessment.ComplaintResponseIntegrationTest" time="0.085"/>
  <testcase name="resolveComplaint_noDecisionMade_shouldThrowIllegalArgumentException()" classname="de.tum.cit.aet.artemis.assessment.ComplaintResponseIntegrationTest" time="0.086"/>
  <testcase name="removeLock_creatorAndLockInactive_shouldRemoveLock()" classname="de.tum.cit.aet.artemis.assessment.ComplaintResponseIntegrationTest" time="0.087"/>
  <testcase name="refreshLock_LockActiveBUTInitialCreatorOfLock_shouldRefreshLock()" classname="de.tum.cit.aet.artemis.assessment.ComplaintResponseIntegrationTest" time="0.074"/>
  <testcase name="testAll_asStudent()" classname="de.tum.cit.aet.artemis.assessment.ComplaintResponseIntegrationTest" time="0.056"/>
  <testcase name="createLock_complaintDoesNotExistInDb_shouldThrowIllegalArgumentException()" classname="de.tum.cit.aet.artemis.assessment.ComplaintResponseIntegrationTest" time="0.096"/>
  <testcase name="resolveComplaint_LockActiveBUTCreatorOfLock_shouldResolve()" classname="de.tum.cit.aet.artemis.assessment.ComplaintResponseIntegrationTest" time="0.09"/>
  <testcase name="removeLock_noComplaintResponseExists_shouldThrowIllegalArgumentException()" classname="de.tum.cit.aet.artemis.assessment.ComplaintResponseIntegrationTest" time="0.082"/>
  <testcase name="removeLock_notCreatorAndLockActive_shouldThrowComplaintResponseLockedException()" classname="de.tum.cit.aet.artemis.assessment.ComplaintResponseIntegrationTest" time="0.086"/>
  <testcase name="refreshLock_noFailureCondition_shouldRefreshLock()" classname="de.tum.cit.aet.artemis.assessment.ComplaintResponseIntegrationTest" time="0.056"/>
  <testcase name="resolveComplaint_complaintAlreadyAnswered_shouldThrowIllegalArgumentException()" classname="de.tum.cit.aet.artemis.assessment.ComplaintResponseIntegrationTest" time="0.064"/>
  <testcase name="resolveComplaint_complaintResponseInDatabaseNotEmpty_shouldThrowIllegalArgumentException()" classname="de.tum.cit.aet.artemis.assessment.ComplaintResponseIntegrationTest" time="0.102"/>
  <testcase name="refreshLock_LockStillActive_shouldThrowComplaintResponseLockedException()" classname="de.tum.cit.aet.artemis.assessment.ComplaintResponseIntegrationTest" time="0.071"/>
  <testcase name="resolveMoreFeedback_assessor_shouldResolve()" classname="de.tum.cit.aet.artemis.assessment.ComplaintResponseIntegrationTest" time="0.117"/>
  <system-out><![CDATA[	at org.mockito.internal.stubbing.answers.CallsRealMethods.answer(CallsRealMethods.java:45)
	at org.mockito.Answers.answer(Answers.java:90)
	at org.mockito.internal.handler.MockHandlerImpl.handle(MockHandlerImpl.java:111)
	at org.mockito.internal.handler.NullResultGuardian.handle(NullResultGuardian.java:29)
	at org.mockito.internal.handler.InvocationNotifierHandler.handle(InvocationNotifierHandler.java:34)
	at org.mockito.internal.creation.bytebuddy.MockMethodInterceptor.doIntercept(MockMethodInterceptor.java:82)
	at org.mockito.internal.creation.bytebuddy.MockMethodAdvice.handle(MockMethodAdvice.java:134)
	at de.tum.cit.aet.artemis.programming.service.GitService.getOrCheckoutRepository(GitService.java:331)
	at de.tum.cit.aet.artemis.programming.service.GitService.getOrCheckoutRepository(GitService.java:272)
	at java.base/java.lang.invoke.MethodHandle.invokeWithArguments(MethodHandle.java:733)
	at org.mockito.internal.util.reflection.InstrumentationMemberAccessor$Dispatcher$ByteBuddy$oog9jsgw.invokeWithArguments(Unknown Source)
	at org.mockito.internal.util.reflection.InstrumentationMemberAccessor.invoke(InstrumentationMemberAccessor.java:251)
	at org.mockito.internal.util.reflection.ModuleMemberAccessor.invoke(ModuleMemberAccessor.java:55)
	at org.mockito.internal.creation.bytebuddy.MockMethodAdvice.tryInvoke(MockMethodAdvice.java:314)
	at org.mockito.internal.creation.bytebuddy.MockMethodAdvice$RealMethodCall.invoke(MockMethodAdvice.java:234)
	at org.mockito.internal.invocation.InterceptedInvocation.callRealMethod(InterceptedInvocation.java:142)
	at org.mockito.internal.stubbing.answers.CallsRealMethods.answer(CallsRealMethods.java:45)
	at org.mockito.Answers.answer(Answers.java:90)
	at org.mockito.internal.handler.MockHandlerImpl.handle(MockHandlerImpl.java:111)
	at org.mockito.internal.handler.NullResultGuardian.handle(NullResultGuardian.java:29)
	at org.mockito.internal.handler.InvocationNotifierHandler.handle(InvocationNotifierHandler.java:34)
	at org.mockito.internal.creation.bytebuddy.MockMethodInterceptor.doIntercept(MockMethodInterceptor.java:82)
	at org.mockito.internal.creation.bytebuddy.MockMethodAdvice.handle(MockMethodAdvice.java:134)
	at de.tum.cit.aet.artemis.programming.service.GitService.getOrCheckoutRepository(GitService.java:271)
	at de.tum.cit.aet.artemis.programming.service.GitService.getOrCheckoutRepository(GitService.java:214)
	at java.base/java.lang.invoke.MethodHandle.invokeWithArguments(MethodHandle.java:733)
	at org.mockito.internal.util.reflection.InstrumentationMemberAccessor$Dispatcher$ByteBuddy$oog9jsgw.invokeWithArguments(Unknown Source)
	at org.mockito.internal.util.reflection.InstrumentationMemberAccessor.invoke(InstrumentationMemberAccessor.java:251)
	at org.mockito.internal.util.reflection.ModuleMemberAccessor.invoke(ModuleMemberAccessor.java:55)
	at org.mockito.internal.creation.bytebuddy.MockMethodAdvice.tryInvoke(MockMethodAdvice.java:314)
	at org.mockito.internal.creation.bytebuddy.MockMethodAdvice$RealMethodCall.invoke(MockMethodAdvice.java:234)
	at org.mockito.internal.invocation.InterceptedInvocation.callRealMethod(InterceptedInvocation.java:142)
	at org.mockito.internal.stubbing.answers.CallsRealMethods.answer(CallsRealMethods.java:45)
	at org.mockito.Answers.answer(Answers.java:90)
	at org.mockito.internal.handler.MockHandlerImpl.handle(MockHandlerImpl.java:111)
	at org.mockito.internal.handler.NullResultGuardian.handle(NullResultGuardian.java:29)
	at org.mockito.internal.handler.InvocationNotifierHandler.handle(InvocationNotifierHandler.java:34)
	at org.mockito.internal.creation.bytebuddy.MockMethodInterceptor.doIntercept(MockMethodInterceptor.java:82)
	at org.mockito.internal.creation.bytebuddy.MockMethodAdvice.handle(MockMethodAdvice.java:134)
	... 7 common frames omitted
Caused by: org.eclipse.jgit.errors.NoRemoteRepositoryException: file:///tmp/studentRepo9589023244929469074/EXAMC7D62D4E08019046D808E890BCE2994E7205TE51/examc7d62d4e08019046d808e890bce2994e7205te51-dataexportcreationstudent1.git: not found.
	at org.eclipse.jgit.transport.TransportLocal$1.open(TransportLocal.java:100)
	at org.eclipse.jgit.transport.TransportBundleFile$1.open(TransportBundleFile.java:74)
	at org.eclipse.jgit.transport.Transport.open(Transport.java:525)
	at org.eclipse.jgit.transport.Transport.open(Transport.java:400)
	at org.eclipse.jgit.transport.Transport.open(Transport.java:279)
	at org.eclipse.jgit.transport.Transport.open(Transport.java:247)
	at org.eclipse.jgit.api.FetchCommand.call(FetchCommand.java:217)
	... 88 common frames omitted
    23:42:30.857 | 347 ool-1-worker-111 | DEBUG | d.t.c.a.a.c.s.n.MailService          : Sending 'DATA_EXPORT_CREATED' notification email to 'dataexportcreationstudent1@test.de'
    23:42:30.864 |  68 artemis-task-1   | DEBUG | d.t.c.a.a.c.s.n.MailSendingService   : Send email[multipart 'false' and html 'true'] to 'User{login='dataexportcreationstudent1', firstName='dataexportcreationstudent1First', lastName='dataexportcreationstudent1Last', email='dataexportcreationstudent1@test.de', imageUrl='null', activated='true', langKey='en', activationKey='null'}' with subject 'Your Artemis data export has been successfully created'
    23:42:30.865 |  68 artemis-task-1   | INFO  | d.t.c.a.a.c.s.n.MailSendingService   : Sent email with subject 'Your Artemis data export has been successfully created' to User 'User{login='dataexportcreationstudent1', firstName='dataexportcreationstudent1First', lastName='dataexportcreationstudent1Last', email='dataexportcreationstudent1@test.de', imageUrl='null', activated='true', langKey='en', activationKey='null'}'

  Starting logs for DataExportCreationServiceTest > testDataExportCreationError_handlesErrorAndInformsUserAndAdmin()
    23:42:30.941 | 347 ool-1-worker-111 | DEBUG | d.t.c.a.a.c.u.util.UserUtilService   : Generate 2 students...
    23:42:30.949 | 347 ool-1-worker-111 | DEBUG | d.t.c.a.a.c.u.util.UserUtilService   : 2 students generated. Generate 5 tutors...
    23:42:30.966 | 347 ool-1-worker-111 | DEBUG | d.t.c.a.a.c.u.util.UserUtilService   : 5 tutors generated. Generate 0 editors...
    23:42:30.968 | 347 ool-1-worker-111 | DEBUG | d.t.c.a.a.c.u.util.UserUtilService   : 0 editors generated. Generate 1 instructors...
    23:42:30.971 | 347 ool-1-worker-111 | DEBUG | d.t.c.a.a.c.u.util.UserUtilService   : 1 instructors generated
    23:42:30.973 | 347 ool-1-worker-111 | DEBUG | d.t.c.a.a.c.u.util.UserUtilService   : Removing 8 users from all courses...
    23:42:30.984 | 347 ool-1-worker-111 | DEBUG | d.t.c.a.a.c.u.util.UserUtilService   : Removing 8 users from all courses. Done
    23:42:30.984 | 347 ool-1-worker-111 | DEBUG | d.t.c.a.a.c.u.util.UserUtilService   : Save 8 users to database...
    23:42:30.992 | 347 ool-1-worker-111 | DEBUG | d.t.c.a.a.c.u.util.UserUtilService   : Save 8 users to database. Done
    23:42:31.005 | 347 ool-1-worker-111 | INFO  | i.z.t.d.l.EmbeddedDatabaseReporter   : JDBC URL to connect to 'dataSource': url='jdbc:h2:tcp://localhost:41063/mem:736625c0-cf5e-400d-aeaa-8a7eabd6262b;USER=sa', scope='DataExportCreationServiceTest#testDataExportCreationError_handlesErrorAndInformsUserAndAdmin'
    23:42:31.013 | 347 ool-1-worker-111 | INFO  | .a.a.c.s.e.DataExportCreationService : Creating data export for user dataexportcreationstudent1
    23:42:31.016 | 347 ool-1-worker-111 | ERROR | .a.a.c.s.e.DataExportCreationService : Error while creating data export for user dataexportcreationstudent1
java.lang.RuntimeException: error
	at de.tum.cit.aet.artemis.core.service.FileService.scheduleDirectoryPathForRecursiveDeletion(FileService.java:872)
	at java.base/jdk.internal.reflect.DirectMethodHandleAccessor.invoke(DirectMethodHandleAccessor.java:103)
	at java.base/java.lang.reflect.Method.invoke(Method.java:580)
	at org.springframework.aop.support.AopUtils.invokeJoinpointUsingReflection(AopUtils.java:359)
	at org.springframework.aop.framework.CglibAopProxy$DynamicAdvisedInterceptor.intercept(CglibAopProxy.java:723)
	at de.tum.cit.aet.artemis.core.service.FileService$$SpringCGLIB$$0.scheduleDirectoryPathForRecursiveDeletion(<generated>)
	at de.tum.cit.aet.artemis.core.service.export.DataExportCreationService.prepareDataExport(DataExportCreationService.java:207)
	at de.tum.cit.aet.artemis.core.service.export.DataExportCreationService.createDataExportWithContent(DataExportCreationService.java:100)
	at de.tum.cit.aet.artemis.core.service.export.DataExportCreationService.createDataExport(DataExportCreationService.java:138)
	at de.tum.cit.aet.artemis.core.service.DataExportCreationServiceTest.testDataExportCreationError_handlesErrorAndInformsUserAndAdmin(DataExportCreationServiceTest.java:614)
	at java.base/jdk.internal.reflect.DirectMethodHandleAccessor.invoke(DirectMethodHandleAccessor.java:103)
	at java.base/java.lang.reflect.Method.invoke(Method.java:580)
	at org.junit.platform.commons.util.ReflectionUtils.invokeMethod(ReflectionUtils.java:767)
	at org.junit.jupiter.engine.execution.MethodInvocation.proceed(MethodInvocation.java:60)
	at org.junit.jupiter.engine.execution.InvocationInterceptorChain$ValidatingInvocation.proceed(InvocationInterceptorChain.java:131)
	at org.junit.jupiter.engine.extension.TimeoutExtension.intercept(TimeoutExtension.java:156)
	at org.junit.jupiter.engine.extension.TimeoutExtension.interceptTestableMethod(TimeoutExtension.java:147)
	at org.junit.jupiter.engine.extension.TimeoutExtension.interceptTestMethod(TimeoutExtension.java:86)
	at org.junit.jupiter.engine.execution.InterceptingExecutableInvoker$ReflectiveInterceptorCall.lambda$ofVoidMethod$0(InterceptingExecutableInvoker.java:103)
	at org.junit.jupiter.engine.execution.InterceptingExecutableInvoker.lambda$invoke$0(InterceptingExecutableInvoker.java:93)
	at org.junit.jupiter.engine.execution.InvocationInterceptorChain$InterceptedInvocation.proceed(InvocationInterceptorChain.java:106)
	at org.junit.jupiter.engine.execution.InvocationInterceptorChain.proceed(InvocationInterceptorChain.java:64)
	at org.junit.jupiter.engine.execution.InvocationInterceptorChain.chainAndInvoke(InvocationInterceptorChain.java:45)
	at org.junit.jupiter.engine.execution.InvocationInterceptorChain.invoke(InvocationInterceptorChain.java:37)
	at org.junit.jupiter.engine.execution.InterceptingExecutableInvoker.invoke(InterceptingExecutableInvoker.java:92)
	at org.junit.jupiter.engine.execution.InterceptingExecutableInvoker.invoke(InterceptingExecutableInvoker.java:86)
	at org.junit.jupiter.engine.descriptor.TestMethodTestDescriptor.lambda$invokeTestMethod$8(TestMethodTestDescriptor.java:217)
	at org.junit.platform.engine.support.hierarchical.ThrowableCollector.execute(ThrowableCollector.java:73)
	at org.junit.jupiter.engine.descriptor.TestMethodTestDescriptor.invokeTestMethod(TestMethodTestDescriptor.java:213)
	at org.junit.jupiter.engine.descriptor.TestMethodTestDescriptor.execute(TestMethodTestDescriptor.java:138)
	at org.junit.jupiter.engine.descriptor.TestMethodTestDescriptor.execute(TestMethodTestDescriptor.java:68)
	at org.junit.platform.engine.support.hierarchical.NodeTestTask.lambda$executeRecursively$6(NodeTestTask.java:156)
	at org.junit.platform.engine.support.hierarchical.ThrowableCollector.execute(ThrowableCollector.java:73)
	at org.junit.platform.engine.support.hierarchical.NodeTestTask.lambda$executeRecursively$8(NodeTestTask.java:146)
	at org.junit.platform.engine.support.hierarchical.Node.around(Node.java:137)
	at org.junit.platform.engine.support.hierarchical.NodeTestTask.lambda$executeRecursively$9(NodeTestTask.java:144)
	at org.junit.platform.engine.support.hierarchical.ThrowableCollector.execute(ThrowableCollector.java:73)
	at org.junit.platform.engine.support.hierarchical.NodeTestTask.executeRecursively(NodeTestTask.java:143)
	at org.junit.platform.engine.support.hierarchical.NodeTestTask.execute(NodeTestTask.java:100)
	at org.junit.platform.engine.support.hierarchical.ForkJoinPoolHierarchicalTestExecutorService$ExclusiveTask.exec(ForkJoinPoolHierarchicalTestExecutorService.java:274)
	at org.junit.platform.engine.support.hierarchical.ForkJoinPoolHierarchicalTestExecutorService$ExclusiveTask.execSync(ForkJoinPoolHierarchicalTestExecutorService.java:247)
	at org.junit.platform.engine.support.hierarchical.ForkJoinPoolHierarchicalTestExecutorService.executeSync(ForkJoinPoolHierarchicalTestExecutorService.java:194)
	at org.junit.platform.engine.support.hierarchical.ForkJoinPoolHierarchicalTestExecutorService.invokeAll(ForkJoinPoolHierarchicalTestExecutorService.java:166)
	at org.junit.platform.engine.support.hierarchical.NodeTestTask.lambda$executeRecursively$6(NodeTestTask.java:160)
	at org.junit.platform.engine.support.hierarchical.ThrowableCollector.execute(ThrowableCollector.java:73)
	at org.junit.platform.engine.support.hierarchical.NodeTestTask.lambda$executeRecursively$8(NodeTestTask.java:146)
	at org.junit.platform.engine.support.hierarchical.Node.around(Node.java:137)
	at org.junit.platform.engine.support.hierarchical.NodeTestTask.lambda$executeRecursively$9(NodeTestTask.java:144)
	at org.junit.platform.engine.support.hierarchical.ThrowableCollector.execute(ThrowableCollector.java:73)
	at org.junit.platform.engine.support.hierarchical.NodeTestTask.executeRecursively(NodeTestTask.java:143)
	at org.junit.platform.engine.support.hierarchical.NodeTestTask.execute(NodeTestTask.java:100)
	at org.junit.platform.engine.support.hierarchical.ForkJoinPoolHierarchicalTestExecutorService$ExclusiveTask.exec(ForkJoinPoolHierarchicalTestExecutorService.java:274)
	at java.base/java.util.concurrent.ForkJoinTask.doExec(ForkJoinTask.java:387)
	at java.base/java.util.concurrent.ForkJoinPool$WorkQueue.topLevelExec(ForkJoinPool.java:1312)
	at java.base/java.util.concurrent.ForkJoinPool.scan(ForkJoinPool.java:1843)
	at java.base/java.util.concurrent.ForkJoinPool.runWorker(ForkJoinPool.java:1808)
	at java.base/java.util.concurrent.ForkJoinWorkerThread.run(ForkJoinWorkerThread.java:188)
    23:42:31.030 | 347 ool-1-worker-111 | DEBUG | d.t.c.a.a.c.s.n.MailService          : Sending 'DATA_EXPORT_FAILED' notification email to 'dataexportcreationstudent1@test.de'
    23:42:31.109 |  68 artemis-task-1   | DEBUG | d.t.c.a.a.c.s.n.MailSendingService   : Send email[multipart 'false' and html 'true'] to 'User{login='dataexportcreationstudent1', firstName='dataexportcreationstudent1First', lastName='dataexportcreationstudent1Last', email='dataexportcreationstudent1@test.de', imageUrl='null', activated='true', langKey='en', activationKey='null'}' with subject 'Your Artemis data export could not be created'
    23:42:31.109 |  68 artemis-task-1   | INFO  | d.t.c.a.a.c.s.n.MailSendingService   : Sent email with subject 'Your Artemis data export could not be created' to User 'User{login='dataexportcreationstudent1', firstName='dataexportcreationstudent1First', lastName='dataexportcreationstudent1Last', email='dataexportcreationstudent1@test.de', imageUrl='null', activated='true', langKey='en', activationKey='null'}'
    23:42:31.114 | 347 ool-1-worker-111 | WARN  | org.eclipse.jgit.lib.Repository      : close() called when useCnt is already zero for Repository[/tmp/exerciseLocalRepo14399663802995070621/.git]
    23:42:31.114 | 347 ool-1-worker-111 | WARN  | org.eclipse.jgit.lib.Repository      : close() called when useCnt is already zero for Repository[/tmp/exerciseOriginRepo5315133112501999715]
    23:42:31.114 | 347 ool-1-worker-111 | WARN  | org.eclipse.jgit.lib.Repository      : close() called when useCnt is already zero for Repository[/tmp/testLocalRepo3787320803498439470/.git]
    23:42:31.114 | 347 ool-1-worker-111 | WARN  | org.eclipse.jgit.lib.Repository      : close() called when useCnt is already zero for Repository[/tmp/testOriginRepo9038603009988087135]
    23:42:31.115 | 347 ool-1-worker-111 | WARN  | org.eclipse.jgit.lib.Repository      : close() called when useCnt is already zero for Repository[/tmp/solutionLocalRepo7102857116701622516/.git]
    23:42:31.115 | 347 ool-1-worker-111 | WARN  | org.eclipse.jgit.lib.Repository      : close() called when useCnt is already zero for Repository[/tmp/solutionOriginRepo11299291894939291115]
    23:42:31.115 | 347 ool-1-worker-111 | WARN  | org.eclipse.jgit.lib.Repository      : close() called when useCnt is already zero for Repository[/tmp/sourceExerciseLocalRepo7869417567279303314/.git]
    23:42:31.115 | 347 ool-1-worker-111 | WARN  | org.eclipse.jgit.lib.Repository      : close() called when useCnt is already zero for Repository[/tmp/sourceExerciseOriginRepo14928049150890586404]
    23:42:31.115 | 347 ool-1-worker-111 | WARN  | org.eclipse.jgit.lib.Repository      : close() called when useCnt is already zero for Repository[/tmp/sourceTestLocalRepo13320228936007572796/.git]
    23:42:31.115 | 347 ool-1-worker-111 | WARN  | org.eclipse.jgit.lib.Repository      : close() called when useCnt is already zero for Repository[/tmp/sourceTestOriginRepo12694701388930373688]
    23:42:31.115 | 347 ool-1-worker-111 | WARN  | org.eclipse.jgit.lib.Repository      : close() called when useCnt is already zero for Repository[/tmp/sourceSolutionLocalRepo697075229410072758/.git]
    23:42:31.115 | 347 ool-1-worker-111 | WARN  | org.eclipse.jgit.lib.Repository      : close() called when useCnt is already zero for Repository[/tmp/sourceSolutionOriginRepo11909553293325512694]
    23:42:31.115 | 347 ool-1-worker-111 | WARN  | org.eclipse.jgit.lib.Repository      : close() called when useCnt is already zero for Repository[/tmp/sourceAuxLocalRepo7388036220084130884/.git]
    23:42:31.115 | 347 ool-1-worker-111 | WARN  | org.eclipse.jgit.lib.Repository      : close() called when useCnt is already zero for Repository[/tmp/sourceAuxOriginRepo5821397089633830083]
    23:42:31.115 | 347 ool-1-worker-111 | WARN  | org.eclipse.jgit.lib.Repository      : close() called when useCnt is already zero for Repository[/tmp/studentRepo6966133362892667074/.git]
    23:42:31.115 | 347 ool-1-worker-111 | WARN  | org.eclipse.jgit.lib.Repository      : close() called when useCnt is already zero for Repository[/tmp/studentOriginRepo8577274784483716759]
    23:42:31.115 | 347 ool-1-worker-111 | WARN  | org.eclipse.jgit.lib.Repository      : close() called when useCnt is already zero for Repository[/tmp/studentTeamRepo5038917940223695425/.git]
    23:42:31.115 | 347 ool-1-worker-111 | WARN  | org.eclipse.jgit.lib.Repository      : close() called when useCnt is already zero for Repository[/tmp/studentTeamOriginRepo13317056581160306733]

  Starting logs for DataExportCreationServiceTest > testDataExportContainsDataAboutCourseStudentUnenrolled()
    23:42:31.220 | 347 ool-1-worker-111 | DEBUG | d.t.c.a.a.c.u.util.UserUtilService   : Generate 2 students...
    23:42:31.227 | 347 ool-1-worker-111 | DEBUG | d.t.c.a.a.c.u.util.UserUtilService   : 2 students generated. Generate 5 tutors...
    23:42:31.240 | 347 ool-1-worker-111 | DEBUG | d.t.c.a.a.c.u.util.UserUtilService   : 5 tutors generated. Generate 0 editors...
    23:42:31.242 | 347 ool-1-worker-111 | DEBUG | d.t.c.a.a.c.u.util.UserUtilService   : 0 editors generated. Generate 1 instructors...
    23:42:31.250 | 347 ool-1-worker-111 | DEBUG | d.t.c.a.a.c.u.util.UserUtilService   : 1 instructors generated
    23:42:31.252 | 347 ool-1-worker-111 | DEBUG | d.t.c.a.a.c.u.util.UserUtilService   : Removing 8 users from all courses...
    23:42:31.254 | 347 ool-1-worker-111 | DEBUG | d.t.c.a.a.c.u.util.UserUtilService   : Removing 8 users from all courses. Done
    23:42:31.254 | 347 ool-1-worker-111 | DEBUG | d.t.c.a.a.c.u.util.UserUtilService   : Save 8 users to database...
    23:42:31.271 | 347 ool-1-worker-111 | DEBUG | d.t.c.a.a.c.u.util.UserUtilService   : Save 8 users to database. Done
    23:42:31.297 | 347 ool-1-worker-111 | INFO  | i.z.t.d.l.EmbeddedDatabaseReporter   : JDBC URL to connect to 'dataSource': url='jdbc:h2:tcp://localhost:41063/mem:736625c0-cf5e-400d-aeaa-8a7eabd6262b;USER=sa', scope='DataExportCreationServiceTest#testDataExportContainsDataAboutCourseStudentUnenrolled'
    23:42:31.344 | 347 ool-1-worker-111 | DEBUG | .c.s.m.InstanceMessageReceiveService : Received schedule participant score for exercise 230 and participant 623 (result to be deleted: null)
    23:42:31.345 | 347 ool-1-worker-111 | DEBUG | .a.s.ParticipantScoreScheduleService : Scheduled task for exercise 230 and participant 623 at 2025-02-14T23:42:31.445018438Z[Etc/UTC].
    23:42:31.355 | 347 ool-1-worker-111 | DEBUG | .c.s.m.InstanceMessageReceiveService : Received schedule participant score for exercise 230 and participant 623 (result to be deleted: null)
    23:42:31.355 | 347 ool-1-worker-111 | DEBUG | .a.s.ParticipantScoreScheduleService : Scheduled task for exercise 230 and participant 623 at 2025-02-14T23:42:31.455155588Z[Etc/UTC].
    23:42:31.411 | 347 ool-1-worker-111 | DEBUG | .c.s.m.InstanceMessageReceiveService : Received schedule participant score for exercise 231 and participant 623 (result to be deleted: null)
    23:42:31.411 | 347 ool-1-worker-111 | DEBUG | .a.s.ParticipantScoreScheduleService : Scheduled task for exercise 231 and participant 623 at 2025-02-14T23:42:31.511261502Z[Etc/UTC].
    23:42:31.420 | 347 ool-1-worker-111 | DEBUG | .c.s.m.InstanceMessageReceiveService : Received schedule participant score for exercise 231 and participant 623 (result to be deleted: null)
    23:42:31.421 | 347 ool-1-worker-111 | DEBUG | .a.s.ParticipantScoreScheduleService : Scheduled task for exercise 231 and participant 623 at 2025-02-14T23:42:31.521034983Z[Etc/UTC].
    23:42:31.455 | 329 taskScheduler-4  | DEBUG | .a.s.ParticipantScoreScheduleService : Processing exercise 230 and participant 623 to update participant scores.
    23:42:31.467 | 329 taskScheduler-4  | DEBUG | .a.s.ParticipantScoreScheduleService : Updated participant score 25.
    23:42:31.467 | 329 taskScheduler-4  | DEBUG | .a.s.ParticipantScoreScheduleService : Updating the participant score for exercise 230 and participant 623 took 12 ms.
    23:42:31.479 | 347 ool-1-worker-111 | DEBUG | .c.s.m.InstanceMessageReceiveService : Received schedule participant score for exercise 232 and participant 623 (result to be deleted: null)
    23:42:31.479 | 347 ool-1-worker-111 | DEBUG | .a.s.ParticipantScoreScheduleService : Scheduled task for exercise 232 and participant 623 at 2025-02-14T23:42:31.579155483Z[Etc/UTC].
    23:42:31.489 | 347 ool-1-worker-111 | DEBUG | .c.s.m.InstanceMessageReceiveService : Received schedule participant score for exercise 232 and participant 623 (result to be deleted: null)
    23:42:31.489 | 347 ool-1-worker-111 | DEBUG | .a.s.ParticipantScoreScheduleService : Scheduled task for exercise 232 and participant 623 at 2025-02-14T23:42:31.589335112Z[Etc/UTC].
    23:42:31.523 | 327 taskScheduler-2  | DEBUG | .a.s.ParticipantScoreScheduleService : Processing exercise 231 and participant 623 to update participant scores.
    23:42:31.533 | 327 taskScheduler-2  | DEBUG | .a.s.ParticipantScoreScheduleService : Updated participant score 26.
    23:42:31.535 | 327 taskScheduler-2  | DEBUG | .a.s.ParticipantScoreScheduleService : Updating the participant score for exercise 231 and participant 623 took 12 ms.
    23:42:31.562 | 347 ool-1-worker-111 | DEBUG | .c.s.m.InstanceMessageReceiveService : Received schedule participant score for exercise 233 and participant 623 (result to be deleted: null)
    23:42:31.562 | 347 ool-1-worker-111 | DEBUG | .a.s.ParticipantScoreScheduleService : Scheduled task for exercise 233 and participant 623 at 2025-02-14T23:42:31.662307864Z[Etc/UTC].
    23:42:31.571 | 347 ool-1-worker-111 | DEBUG | .c.s.m.InstanceMessageReceiveService : Received schedule participant score for exercise 233 and participant 623 (result to be deleted: null)
    23:42:31.571 | 347 ool-1-worker-111 | DEBUG | .a.s.ParticipantScoreScheduleService : Scheduled task for exercise 233 and participant 623 at 2025-02-14T23:42:31.671472471Z[Etc/UTC].
    23:42:31.589 | 328 taskScheduler-3  | DEBUG | .a.s.ParticipantScoreScheduleService : Processing exercise 232 and participant 623 to update participant scores.
    23:42:31.604 | 328 taskScheduler-3  | DEBUG | .a.s.ParticipantScoreScheduleService : Updated participant score 27.
    23:42:31.605 | 328 taskScheduler-3  | DEBUG | .a.s.ParticipantScoreScheduleService : Updating the participant score for exercise 232 and participant 623 took 16 ms.
    23:42:31.671 | 326 taskScheduler-1  | DEBUG | .a.s.ParticipantScoreScheduleService : Processing exercise 233 and participant 623 to update participant scores.
    23:42:31.676 | 326 taskScheduler-1  | DEBUG | .a.s.ParticipantScoreScheduleService : Updated participant score 28.
    23:42:31.681 | 326 taskScheduler-1  | DEBUG | .a.s.ParticipantScoreScheduleService : Updating the participant score for exercise 233 and participant 623 took 10 ms.
    23:42:31.693 | 347 ool-1-worker-111 | INFO  | .c.a.a.c.s.TitleCacheEvictionService : Evicted entry '234' from title cache 'exerciseTitle'
    23:42:31.750 | 347 ool-1-worker-111 | DEBUG | .c.s.m.InstanceMessageReceiveService : Received schedule participant score for exercise 234 and participant 623 (result to be deleted: null)
    23:42:31.750 | 347 ool-1-worker-111 | DEBUG | .a.s.ParticipantScoreScheduleService : Scheduled task for exercise 234 and participant 623 at 2025-02-14T23:42:31.850074253Z[Etc/UTC].
    23:42:31.786 | 347 ool-1-worker-111 | DEBUG | .c.s.m.InstanceMessageReceiveService : Received schedule participant score for exercise 234 and participant 623 (result to be deleted: null)
    23:42:31.787 | 347 ool-1-worker-111 | DEBUG | .a.s.ParticipantScoreScheduleService : Scheduled task for exercise 234 and participant 623 at 2025-02-14T23:42:31.887046112Z[Etc/UTC].
    23:42:31.887 | 328 taskScheduler-3  | DEBUG | .a.s.ParticipantScoreScheduleService : Processing exercise 234 and participant 623 to update participant scores.
    23:42:31.902 | 328 taskScheduler-3  | DEBUG | .a.s.ParticipantScoreScheduleService : Updated participant score 29.
    23:42:31.902 | 328 taskScheduler-3  | DEBUG | .a.s.ParticipantScoreScheduleService : Updating the participant score for exercise 234 and participant 623 took 15 ms.
    23:42:31.919 | 347 ool-1-worker-111 | DEBUG | .c.s.m.InstanceMessageReceiveService : Received schedule participant score for exercise 235 and participant 623 (result to be deleted: null)
    23:42:31.919 | 347 ool-1-worker-111 | DEBUG | .a.s.ParticipantScoreScheduleService : Scheduled task for exercise 235 and participant 623 at 2025-02-14T23:42:32.019801481Z[Etc/UTC].
    23:42:31.936 | 347 ool-1-worker-111 | DEBUG | .c.s.m.InstanceMessageReceiveService : Received schedule participant score for exercise 235 and participant 623 (result to be deleted: null)
    23:42:31.936 | 347 ool-1-worker-111 | DEBUG | .a.s.ParticipantScoreScheduleService : Scheduled task for exercise 235 and participant 623 at 2025-02-14T23:42:32.036369510Z[Etc/UTC].
    23:42:31.941 | 347 ool-1-worker-111 | DEBUG | .c.s.m.InstanceMessageReceiveService : Received schedule participant score for exercise 235 and participant 623 (result to be deleted: null)
    23:42:31.941 | 347 ool-1-worker-111 | DEBUG | .a.s.ParticipantScoreScheduleService : Scheduled task for exercise 235 and participant 623 at 2025-02-14T23:42:32.041446606Z[Etc/UTC].
    23:42:31.947 | 347 ool-1-worker-111 | DEBUG | .c.s.m.InstanceMessageReceiveService : Received schedule participant score for exercise 235 and participant 623 (result to be deleted: null)
    23:42:31.947 | 347 ool-1-worker-111 | DEBUG | .a.s.ParticipantScoreScheduleService : Scheduled task for exercise 235 and participant 623 at 2025-02-14T23:42:32.047854944Z[Etc/UTC].
    23:42:31.952 | 347 ool-1-worker-111 | DEBUG | .c.s.m.InstanceMessageReceiveService : Received schedule participant score for exercise 235 and participant 623 (result to be deleted: null)
    23:42:31.952 | 347 ool-1-worker-111 | DEBUG | .a.s.ParticipantScoreScheduleService : Scheduled task for exercise 235 and participant 623 at 2025-02-14T23:42:32.052198372Z[Etc/UTC].
    23:42:31.957 | 347 ool-1-worker-111 | DEBUG | .c.s.m.InstanceMessageReceiveService : Received schedule participant score for exercise 235 and participant 623 (result to be deleted: null)
    23:42:31.957 | 347 ool-1-worker-111 | DEBUG | .a.s.ParticipantScoreScheduleService : Scheduled task for exercise 235 and participant 623 at 2025-02-14T23:42:32.057231315Z[Etc/UTC].
    23:42:31.959 | 347 ool-1-worker-111 | DEBUG | .c.s.m.InstanceMessageReceiveService : Received schedule participant score for exercise 235 and participant 623 (result to be deleted: null)
    23:42:31.959 | 347 ool-1-worker-111 | DEBUG | .a.s.ParticipantScoreScheduleService : Scheduled task for exercise 235 and participant 623 at 2025-02-14T23:42:32.059719093Z[Etc/UTC].
    23:42:31.967 | 347 ool-1-worker-111 | DEBUG | .c.s.m.InstanceMessageReceiveService : Received schedule participant score for exercise 235 and participant 623 (result to be deleted: null)
    23:42:31.967 | 347 ool-1-worker-111 | DEBUG | .a.s.ParticipantScoreScheduleService : Scheduled task for exercise 235 and participant 623 at 2025-02-14T23:42:32.067162100Z[Etc/UTC].
    23:42:31.978 | 347 ool-1-worker-111 | DEBUG | .c.s.m.InstanceMessageReceiveService : Received schedule participant score for exercise 235 and participant 623 (result to be deleted: null)
    23:42:31.978 | 347 ool-1-worker-111 | DEBUG | .a.s.ParticipantScoreScheduleService : Scheduled task for exercise 235 and participant 623 at 2025-02-14T23:42:32.078136320Z[Etc/UTC].
    23:42:32.039 | 347 ool-1-worker-111 | INFO  | .a.a.c.s.e.DataExportCreationService : Creating data export for user dataexportcreationstudent1
    23:42:32.052 | 347 ool-1-worker-111 | INFO  | c.a.a.m.s.a.ApollonConversionService : Calling Remote Service to convert for model.
    23:42:32.059 | 347 ool-1-worker-111 | INFO  | c.a.a.m.s.a.ApollonConversionService : Calling Remote Service to convert for model.
    23:42:32.078 | 329 taskScheduler-4  | DEBUG | .a.s.ParticipantScoreScheduleService : Processing exercise 235 and participant 623 to update participant scores.
    23:42:32.123 | 329 taskScheduler-4  | DEBUG | .a.s.ParticipantScoreScheduleService : Updated participant score 30.
    23:42:32.125 | 329 taskScheduler-4  | DEBUG | .a.s.ParticipantScoreScheduleService : Updating the participant score for exercise 235 and participant 623 took 47 ms.
    23:42:32.234 | 347 ool-1-worker-111 | INFO  | p.s.ProgrammingExerciseExportService : Request to export the repositories of programming exercise 229 with title 'Programming' of 1 students or teams
    23:42:32.234 | 347 ool-1-worker-111 | DEBUG | p.s.ProgrammingExerciseExportService : Export repositories for students or teams: dataexportcreationstudent1
    23:42:32.234 | 347 ool-1-worker-111 | INFO  | p.s.ProgrammingExerciseExportService : export student repositories for programming exercise 229 in parallel
    23:42:32.237 | 901 ool-276-thread-1 | DEBUG | p.s.ProgrammingExerciseExportService : invoke createZipForRepositoryWithParticipation for participation 448
    23:42:32.241 | 901 ool-276-thread-1 | DEBUG | d.t.c.a.a.p.service.GitService       : Cloning from file:/tmp/studentRepo6966133362892667074/FUTUREB8B345280FDC1048D10AA9F0856B9A507972TSTEXC/futureb8b345280fdc1048d10aa9f0856b9a507972tstexc-dataexportcreationstudent1.git to repos-download/server-integration-test/1739576552234/1739576552237/futureb8b345280fdc1048d10aa9f0856b9a507972tstexc-dataexportcreationstudent1.git
    23:42:32.250 | 901 ool-276-thread-1 | ERROR | d.t.c.a.a.p.service.GitService       : Could not delete directory after failed clone: /home/runner/work/Artemis/Artemis/repos-download/server-integration-test/1739576552234/1739576552237/futureb8b345280fdc1048d10aa9f0856b9a507972tstexc-dataexportcreationstudent1.git
    23:42:32.251 | 901 ool-276-thread-1 | ERROR | p.s.ProgrammingExerciseExportService : Failed to create zip for participation id 448 with exercise id 229 because of the following exception 
de.tum.cit.aet.artemis.core.exception.GitException: org.eclipse.jgit.api.errors.InvalidRemoteException: Invalid remote: origin
	at de.tum.cit.aet.artemis.programming.service.GitService.getOrCheckoutRepository(GitService.java:409)
	at de.tum.cit.aet.artemis.programming.service.GitService.getOrCheckoutRepository(GitService.java:368)
	at de.tum.cit.aet.artemis.programming.service.GitService.getOrCheckoutRepository(GitService.java:348)
	at de.tum.cit.aet.artemis.programming.service.GitService.getOrCheckoutRepository(GitService.java:331)
	at de.tum.cit.aet.artemis.programming.service.GitService.getOrCheckoutRepository(GitService.java:272)
	at de.tum.cit.aet.artemis.programming.service.GitService.getOrCheckoutRepository(GitService.java:271)
	at de.tum.cit.aet.artemis.programming.service.GitService.getOrCheckoutRepository(GitService.java:214)
	at de.tum.cit.aet.artemis.programming.service.GitService.getOrCheckoutRepository(GitService.java:213)
	at de.tum.cit.aet.artemis.programming.service.ProgrammingExerciseExportService.getRepositoryWithParticipation(ProgrammingExerciseExportService.java:715)
	at de.tum.cit.aet.artemis.programming.service.ProgrammingExerciseExportService.lambda$exportStudentRepositories$5(ProgrammingExerciseExportService.java:622)
	at java.base/java.util.concurrent.CompletableFuture$AsyncRun.run(CompletableFuture.java:1804)
	at java.base/java.util.concurrent.ThreadPoolExecutor.runWorker(ThreadPoolExecutor.java:1144)
	at java.base/java.util.concurrent.ThreadPoolExecutor$Worker.run(ThreadPoolExecutor.java:642)
	at java.base/java.lang.Thread.run(Thread.java:1583)
Caused by: org.eclipse.jgit.api.errors.InvalidRemoteException: Invalid remote: origin
	at org.eclipse.jgit.api.FetchCommand.call(FetchCommand.java:246)
	at org.eclipse.jgit.api.CloneCommand.fetch(CloneCommand.java:319)
	at org.eclipse.jgit.api.CloneCommand.call(CloneCommand.java:189)
	at de.tum.cit.aet.artemis.programming.service.GitService.getOrCheckoutRepository(GitService.java:400)
	at java.base/java.lang.invoke.MethodHandle.invokeWithArguments(MethodHandle.java:733)
	at org.mockito.internal.util.reflection.InstrumentationMemberAccessor$Dispatcher$ByteBuddy$oog9jsgw.invokeWithArguments(Unknown Source)
	at org.mockito.internal.util.reflection.InstrumentationMemberAccessor.invoke(InstrumentationMemberAccessor.java:251)
	at org.mockito.internal.util.reflection.ModuleMemberAccessor.invoke(ModuleMemberAccessor.java:55)
	at org.mockito.internal.creation.bytebuddy.MockMethodAdvice.tryInvoke(MockMethodAdvice.java:314)
	at org.mockito.internal.creation.bytebuddy.MockMethodAdvice$RealMethodCall.invoke(MockMethodAdvice.java:234)
	at org.mockito.internal.invocation.InterceptedInvocation.callRealMethod(InterceptedInvocation.java:142)
	at org.mockito.internal.stubbing.answers.CallsRealMethods.answer(CallsRealMethods.java:45)
	at org.mockito.Answers.answer(Answers.java:90)
	at org.mockito.internal.handler.MockHandlerImpl.handle(MockHandlerImpl.java:111)
	at org.mockito.internal.handler.NullResultGuardian.handle(NullResultGuardian.java:29)
	at org.mockito.internal.handler.InvocationNotifierHandler.handle(InvocationNotifierHandler.java:34)
	at org.mockito.internal.creation.bytebuddy.MockMethodInterceptor.doIntercept(MockMethodInterceptor.java:82)
	at org.mockito.internal.creation.bytebuddy.MockMethodAdvice.handle(MockMethodAdvice.java:134)
	at de.tum.cit.aet.artemis.programming.service.GitService.getOrCheckoutRepository(GitService.java:368)
	at de.tum.cit.aet.artemis.programming.service.GitService.getOrCheckoutRepository(GitService.java:348)
	at java.base/java.lang.invoke.MethodHandle.invokeWithArguments(MethodHandle.java:733)
	at org.mockito.internal.util.reflection.InstrumentationMemberAccessor$Dispatcher$ByteBuddy$oog9jsgw.invokeWithArguments(Unknown Source)
	at org.mockito.internal.util.reflection.InstrumentationMemberAccessor.invoke(InstrumentationMemberAccessor.java:251)
	at org.mockito.internal.util.reflection.ModuleMemberAccessor.invoke(ModuleMemberAccessor.java:55)
	at org.mockito.internal.creation.bytebuddy.MockMethodAdvice.tryInvoke(MockMethodAdvice.java:314)
	at org.mockito.internal.creation.bytebuddy.MockMethodAdvice$RealMethodCall.invoke(MockMethodAdvice.java:234)
	at org.mockito.internal.invocation.InterceptedInvocation.callRealMethod(InterceptedInvocation.java:142)
	at org.mockito.internal.stubbing.answers.CallsRealMethods.answer(CallsRealMethods.java:45)
	at org.mockito.Answers.answer(Answers.java:90)
	at org.mockito.internal.handler.MockHandlerImpl.handle(MockHandlerImpl.java:111)
	at org.mockito.internal.handler.NullResultGuardian.handle(NullResultGuardian.java:29)
	at org.mockito.internal.handler.InvocationNotifierHandler.handle(InvocationNotifierHandler.java:34)
	at org.mockito.internal.creation.bytebuddy.MockMethodInterceptor.doIntercept(MockMethodInterceptor.java:82)
	at org.mockito.internal.creation.bytebuddy.MockMethodAdvice.handle(MockMethodAdvice.java:134)
	at de.tum.cit.aet.artemis.programming.service.GitService.getOrCheckoutRepository(GitService.java:348)
	at de.tum.cit.aet.artemis.programming.service.GitService.getOrCheckoutRepository(GitService.java:331)
	at java.base/java.lang.invoke.MethodHandle.invokeWithArguments(MethodHandle.java:733)
	at org.mockito.internal.util.reflection.InstrumentationMemberAccessor$Dispatcher$ByteBuddy$oog9jsgw.invokeWithArguments(Unknown Source)
	at org.mockito.internal.util.reflection.InstrumentationMemberAccessor.invoke(InstrumentationMemberAccessor.java:251)
	at org.mockito.internal.util.reflection.ModuleMemberAccessor.invoke(ModuleMemberAccessor.java:55)
	at org.mockito.internal.creation.bytebuddy.MockMethodAdvice.tryInvoke(MockMethodAdvice.java:314)
	at org.mockito.internal.creation.bytebuddy.MockMethodAdvice$RealMethodCall.invoke(MockMethodAdvice.java:234)
	at org.mockito.internal.invocation.InterceptedInvocation.callRealMethod(InterceptedInvocation.java:142)
	at org.mockito.internal.stubbing.answers.CallsRealMethods.answer(CallsRealMethods.java:45)
	at org.mockito.Answers.answer(Answers.java:90)
	at org.mockito.internal.handler.MockHandlerImpl.handle(MockHandlerImpl.java:111)
	at org.mockito.internal.handler.NullResultGuardian.handle(NullResultGuardian.java:29)
	at org.mockito.internal.handler.InvocationNotifierHandler.handle(InvocationNotifierHandler.java:34)
	at org.mockito.internal.creation.bytebuddy.MockMethodInterceptor.doIntercept(MockMethodInterceptor.java:82)
	at org.mockito.internal.creation.bytebuddy.MockMethodAdvice.handle(MockMethodAdvice.java:134)
	at de.tum.cit.aet.artemis.programming.service.GitService.getOrCheckoutRepository(GitService.java:331)
	at de.tum.cit.aet.artemis.programming.service.GitService.getOrCheckoutRepository(GitService.java:272)
	at java.base/java.lang.invoke.MethodHandle.invokeWithArguments(MethodHandle.java:733)
	at org.mockito.internal.util.reflection.InstrumentationMemberAccessor$Dispatcher$ByteBuddy$oog9jsgw.invokeWithArguments(Unknown Source)
	at org.mockito.internal.util.reflection.InstrumentationMemberAccessor.invoke(InstrumentationMemberAccessor.java:251)
	at org.mockito.internal.util.reflection.ModuleMemberAccessor.invoke(ModuleMemberAccessor.java:55)
	at org.mockito.internal.creation.bytebuddy.MockMethodAdvice.tryInvoke(MockMethodAdvice.java:314)
	at org.mockito.internal.creation.bytebuddy.MockMethodAdvice$RealMethodCall.invoke(MockMethodAdvice.java:234)
	at org.mockito.internal.invocation.InterceptedInvocation.callRealMethod(InterceptedInvocation.java:142)
	at org.mockito.internal.stubbing.answers.CallsRealMethods.answer(CallsRealMethods.java:45)
	at org.mockito.Answers.answer(Answers.java:90)
	at org.mockito.internal.handler.MockHandlerImpl.handle(MockHandlerImpl.java:111)
	at org.mockito.internal.handler.NullResultGuardian.handle(NullResultGuardian.java:29)
	at org.mockito.internal.handler.InvocationNotifierHandler.handle(InvocationNotifierHandler.java:34)
	at org.mockito.internal.creation.bytebuddy.MockMethodInterceptor.doIntercept(MockMethodInterceptor.java:82)
	at org.mockito.internal.creation.bytebuddy.MockMethodAdvice.handle(MockMethodAdvice.java:134)
	at de.tum.cit.aet.artemis.programming.service.GitService.getOrCheckoutRepository(GitService.java:271)
	at de.tum.cit.aet.artemis.programming.service.GitService.getOrCheckoutRepository(GitService.java:214)
	at java.base/java.lang.invoke.MethodHandle.invokeWithArguments(MethodHandle.java:733)
	at org.mockito.internal.util.reflection.InstrumentationMemberAccessor$Dispatcher$ByteBuddy$oog9jsgw.invokeWithArguments(Unknown Source)
	at org.mockito.internal.util.reflection.InstrumentationMemberAccessor.invoke(InstrumentationMemberAccessor.java:251)
	at org.mockito.internal.util.reflection.ModuleMemberAccessor.invoke(ModuleMemberAccessor.java:55)
	at org.mockito.internal.creation.bytebuddy.MockMethodAdvice.tryInvoke(MockMethodAdvice.java:314)
	at org.mockito.internal.creation.bytebuddy.MockMethodAdvice$RealMethodCall.invoke(MockMethodAdvice.java:234)
	at org.mockito.internal.invocation.InterceptedInvocation.callRealMethod(InterceptedInvocation.java:142)
	at org.mockito.internal.stubbing.answers.CallsRealMethods.answer(CallsRealMethods.java:45)
	at org.mockito.Answers.answer(Answers.java:90)
	at org.mockito.internal.handler.MockHandlerImpl.handle(MockHandlerImpl.java:111)
	at org.mockito.internal.handler.NullResultGuardian.handle(NullResultGuardian.java:29)
	at org.mockito.internal.handler.InvocationNotifierHandler.handle(InvocationNotifierHandler.java:34)
	at org.mockito.internal.creation.bytebuddy.MockMethodInterceptor.doIntercept(MockMethodInterceptor.java:82)
	at org.mockito.internal.creation.bytebuddy.MockMethodAdvice.handle(MockMethodAdvice.java:134)
	... 7 common frames omitted
Caused by: org.eclipse.jgit.errors.NoRemoteRepositoryException: file:///tmp/studentRepo6966133362892667074/FUTUREB8B345280FDC1048D10AA9F0856B9A507972TSTEXC/futureb8b345280fdc1048d10aa9f0856b9a507972tstexc-dataexportcreationstudent1.git: not found.
	at org.eclipse.jgit.transport.TransportLocal$1.open(TransportLocal.java:100)
	at org.eclipse.jgit.transport.TransportBundleFile$1.open(TransportBundleFile.java:74)
	at org.eclipse.jgit.transport.Transport.open(Transport.java:525)
	at org.eclipse.jgit.transport.Transport.open(Transport.java:400)
	at org.eclipse.jgit.transport.Transport.open(Transport.java:279)
	at org.eclipse.jgit.transport.Transport.open(Transport.java:247)
	at org.eclipse.jgit.api.FetchCommand.call(FetchCommand.java:217)
	... 88 common frames omitted
    23:42:32.258 | 347 ool-1-worker-111 | INFO  | c.a.a.m.s.a.ApollonConversionService : Calling Remote Service to convert for model.
    23:42:32.271 | 347 ool-1-worker-111 | INFO  | c.a.a.m.s.a.ApollonConversionService : Calling Remote Service to convert for model.
    23:42:32.368 | 347 ool-1-worker-111 | INFO  | p.s.ProgrammingExerciseExportService : Request to export the repositories of programming exercise 235 with title 'Programming' of 1 students or teams
    23:42:32.368 | 347 ool-1-worker-111 | DEBUG | p.s.ProgrammingExerciseExportService : Export repositories for students or teams: dataexportcreationstudent1
    23:42:32.368 | 347 ool-1-worker-111 | INFO  | p.s.ProgrammingExerciseExportService : export student repositories for programming exercise 235 in parallel
    23:42:32.372 | 902 ool-289-thread-1 | DEBUG | p.s.ProgrammingExerciseExportService : invoke createZipForRepositoryWithParticipation for participation 460
    23:42:32.373 | 902 ool-289-thread-1 | DEBUG | d.t.c.a.a.p.service.GitService       : Fetch /tmp/studentRepo13989481034926934340
    23:42:32.373 | 902 ool-289-thread-1 | WARN  | d.t.c.a.a.p.service.GitService       : Cannot set remoteUrl because it is null!
    23:42:32.389 | 902 ool-289-thread-1 | ERROR | d.t.c.a.a.p.service.GitService       : Cannot hard reset the repo /tmp/studentRepo13989481034926934340 to origin/HEAD because it is empty.
    23:42:32.390 | 902 ool-289-thread-1 | WARN  | org.eclipse.jgit.lib.Repository      : close() called when useCnt is already zero for Repository[/tmp/studentRepo13989481034926934340/.git]
    23:42:32.390 | 902 ool-289-thread-1 | DEBUG | p.s.ProgrammingExerciseExportService : Create temporary directory for repository /tmp/studentRepo13989481034926934340
    23:42:32.426 | 347 ool-1-worker-111 | INFO  | .e.DataExportExerciseCreationService : Cannot include submission for file upload exercise stored at uploads/file-upload-exercises/217/310
    23:42:32.432 | 347 ool-1-worker-111 | INFO  | c.a.a.m.s.a.ApollonConversionService : Calling Remote Service to convert for model.
    23:42:32.445 | 347 ool-1-worker-111 | INFO  | p.s.ProgrammingExerciseExportService : Request to export the repositories of programming exercise 223 with title 'Programmingbee' of 1 students or teams
    23:42:32.445 | 347 ool-1-worker-111 | DEBUG | p.s.ProgrammingExerciseExportService : Export repositories for students or teams: dataexportcreationstudent1
    23:42:32.445 | 347 ool-1-worker-111 | INFO  | p.s.ProgrammingExerciseExportService : export student repositories for programming exercise 223 in parallel
    23:42:32.446 | 905 ool-297-thread-1 | DEBUG | p.s.ProgrammingExerciseExportService : invoke createZipForRepositoryWithParticipation for participation 436
    23:42:32.449 | 905 ool-297-thread-1 | DEBUG | d.t.c.a.a.p.service.GitService       : Cloning from file:/tmp/studentRepo9589023244929469074/EXAMC7D62D4E08019046D808E890BCE2994E7205TE51/examc7d62d4e08019046d808e890bce2994e7205te51-dataexportcreationstudent1.git to repos-download/server-integration-test/1739576552444/1739576552446/examc7d62d4e08019046d808e890bce2994e7205te51-dataexportcreationstudent1.git
    23:42:32.461 | 905 ool-297-thread-1 | ERROR | d.t.c.a.a.p.service.GitService       : Could not delete directory after failed clone: /home/runner/work/Artemis/Artemis/repos-download/server-integration-test/1739576552444/1739576552446/examc7d62d4e08019046d808e890bce2994e7205te51-dataexportcreationstudent1.git
    23:42:32.461 | 905 ool-297-thread-1 | ERROR | p.s.ProgrammingExerciseExportService : Failed to create zip for participation id 436 with exercise id 223 because of the following exception 
de.tum.cit.aet.artemis.core.exception.GitException: org.eclipse.jgit.api.errors.InvalidRemoteException: Invalid remote: origin
	at de.tum.cit.aet.artemis.programming.service.GitService.getOrCheckoutRepository(GitService.java:409)
	at de.tum.cit.aet.artemis.programming.service.GitService.getOrCheckoutRepository(GitService.java:368)
	at de.tum.cit.aet.artemis.programming.service.GitService.getOrCheckoutRepository(GitService.java:348)
	at de.tum.cit.aet.artemis.programming.service.GitService.getOrCheckoutRepository(GitService.java:331)
	at de.tum.cit.aet.artemis.programming.service.GitService.getOrCheckoutRepository(GitService.java:272)
	at de.tum.cit.aet.artemis.programming.service.GitService.getOrCheckoutRepository(GitService.java:271)
	at de.tum.cit.aet.artemis.programming.service.GitService.getOrCheckoutRepository(GitService.java:214)
	at de.tum.cit.aet.artemis.programming.service.GitService.getOrCheckoutRepository(GitService.java:213)
	at de.tum.cit.aet.artemis.programming.service.ProgrammingExerciseExportService.getRepositoryWithParticipation(ProgrammingExerciseExportService.java:715)
	at de.tum.cit.aet.artemis.programming.service.ProgrammingExerciseExportService.lambda$exportStudentRepositories$5(ProgrammingExerciseExportService.java:622)
	at java.base/java.util.concurrent.CompletableFuture$AsyncRun.run(CompletableFuture.java:1804)
	at java.base/java.util.concurrent.ThreadPoolExecutor.runWorker(ThreadPoolExecutor.java:1144)
	at java.base/java.util.concurrent.ThreadPoolExecutor$Worker.run(ThreadPoolExecutor.java:642)
	at java.base/java.lang.Thread.run(Thread.java:1583)
Caused by: org.eclipse.jgit.api.errors.InvalidRemoteException: Invalid remote: origin
	at org.eclipse.jgit.api.FetchCommand.call(FetchCommand.java:246)
	at org.eclipse.jgit.api.CloneCommand.fetch(CloneCommand.java:319)
	at org.eclipse.jgit.api.CloneCommand.call(CloneCommand.java:189)
	at de.tum.cit.aet.artemis.programming.service.GitService.getOrCheckoutRepository(GitService.java:400)
	at java.base/java.lang.invoke.MethodHandle.invokeWithArguments(MethodHandle.java:733)
	at org.mockito.internal.util.reflection.InstrumentationMemberAccessor$Dispatcher$ByteBuddy$oog9jsgw.invokeWithArguments(Unknown Source)
	at org.mockito.internal.util.reflection.InstrumentationMemberAccessor.invoke(InstrumentationMemberAccessor.java:251)
	at org.mockito.internal.util.reflection.ModuleMemberAccessor.invoke(ModuleMemberAccessor.java:55)
	at org.mockito.internal.creation.bytebuddy.MockMethodAdvice.tryInvoke(MockMethodAdvice.java:314)
	at org.mockito.internal.creation.bytebuddy.MockMethodAdvice$RealMethodCall.invoke(MockMethodAdvice.java:234)
	at org.mockito.internal.invocation.InterceptedInvocation.callRealMethod(InterceptedInvocation.java:142)
	at org.mockito.internal.stubbing.answers.CallsRealMethods.answer(CallsRealMethods.java:45)
	at org.mockito.Answers.answer(Answers.java:90)
	at org.mockito.internal.handler.MockHandlerImpl.handle(MockHandlerImpl.java:111)
	at org.mockito.internal.handler.NullResultGuardian.handle(NullResultGuardian.java:29)
	at org.mockito.internal.handler.InvocationNotifierHandler.handle(InvocationNotifierHandler.java:34)
	at org.mockito.internal.creation.bytebuddy.MockMethodInterceptor.doIntercept(MockMethodInterceptor.java:82)
	at org.mockito.internal.creation.bytebuddy.MockMethodAdvice.handle(MockMethodAdvice.java:134)
	at de.tum.cit.aet.artemis.programming.service.GitService.getOrCheckoutRepository(GitService.java:368)
	at de.tum.cit.aet.artemis.programming.service.GitService.getOrCheckoutRepository(GitService.java:348)
	at java.base/java.lang.invoke.MethodHandle.invokeWithArguments(MethodHandle.java:733)
	at org.mockito.internal.util.reflection.InstrumentationMemberAccessor$Dispatcher$ByteBuddy$oog9jsgw.invokeWithArguments(Unknown Source)
	at org.mockito.internal.util.reflection.InstrumentationMemberAccessor.invoke(InstrumentationMemberAccessor.java:251)
	at org.mockito.internal.util.reflection.ModuleMemberAccessor.invoke(ModuleMemberAccessor.java:55)
	at org.mockito.internal.creation.bytebuddy.MockMethodAdvice.tryInvoke(MockMethodAdvice.java:314)
	at org.mockito.internal.creation.bytebuddy.MockMethodAdvice$RealMethodCall.invoke(MockMethodAdvice.java:234)
	at org.mockito.internal.invocation.InterceptedInvocation.callRealMethod(InterceptedInvocation.java:142)
	at org.mockito.internal.stubbing.answers.CallsRealMethods.answer(CallsRealMethods.java:45)
	at org.mockito.Answers.answer(Answers.java:90)
	at org.mockito.internal.handler.MockHandlerImpl.handle(MockHandlerImpl.java:111)
	at org.mockito.internal.handler.NullResultGuardian.handle(NullResultGuardian.java:29)
	at org.mockito.internal.handler.InvocationNotifierHandler.handle(InvocationNotifierHandler.java:34)
	at org.mockito.internal.creation.bytebuddy.MockMethodInterceptor.doIntercept(MockMethodInterceptor.java:82)
	at org.mockito.internal.creation.bytebuddy.MockMethodAdvice.handle(MockMethodAdvice.java:134)
	at de.tum.cit.aet.artemis.programming.service.GitService.getOrCheckoutRepository(GitService.java:348)
	at de.tum.cit.aet.artemis.programming.service.GitService.getOrCheckoutRepository(GitService.java:331)
	at java.base/java.lang.invoke.MethodHandle.invokeWithArguments(MethodHandle.java:733)
	at org.mockito.internal.util.reflection.InstrumentationMemberAccessor$Dispatcher$ByteBuddy$oog9jsgw.invokeWithArguments(Unknown Source)
	at org.mockito.internal.util.reflection.InstrumentationMemberAccessor.invoke(InstrumentationMemberAccessor.java:251)
	at org.mockito.internal.util.reflection.ModuleMemberAccessor.invoke(ModuleMemberAccessor.java:55)
	at org.mockito.internal.creation.bytebuddy.MockMethodAdvice.tryInvoke(MockMethodAdvice.java:314)
	at org.mockito.internal.creation.bytebuddy.MockMethodAdvice$RealMethodCall.invoke(MockMethodAdvice.java:234)
	at org.mockito.internal.invocation.InterceptedInvocation.callRealMethod(InterceptedInvocation.java:142)
	at org.mockito.internal.stubbing.answers.CallsRealMethods.answer(CallsRealMethods.java:45)
	at org.mockito.Answers.answer(Answers.java:90)
	at org.mockito.internal.handler.MockHandlerImpl.handle(MockHandlerImpl.java:111)
	at org.mockito.internal.handler.NullResultGuardian.handle(NullResultGuardian.java:29)
	at org.mockito.internal.handler.InvocationNotifierHandler.handle(InvocationNotifierHandler.java:34)
	at org.mockito.internal.creation.bytebuddy.MockMethodInterceptor.doIntercept(MockMethodInterceptor.java:82)
	at org.mockito.internal.creation.bytebuddy.MockMethodAdvice.handle(MockMethodAdvice.java:134)
	at de.tum.cit.aet.artemis.programming.service.GitService.getOrCheckoutRepository(GitService.java:331)
	at de.tum.cit.aet.artemis.programming.service.GitService.getOrCheckoutRepository(GitService.java:272)
	at java.base/java.lang.invoke.MethodHandle.invokeWithArguments(MethodHandle.java:733)
	at org.mockito.internal.util.reflection.InstrumentationMemberAccessor$Dispatcher$ByteBuddy$oog9jsgw.invokeWithArguments(Unknown Source)
	at org.mockito.internal.util.reflection.InstrumentationMemberAccessor.invoke(InstrumentationMemberAccessor.java:251)
	at org.mockito.internal.util.reflection.ModuleMemberAccessor.invoke(ModuleMemberAccessor.java:55)
	at org.mockito.internal.creation.bytebuddy.MockMethodAdvice.tryInvoke(MockMethodAdvice.java:314)
	at org.mockito.internal.creation.bytebuddy.MockMethodAdvice$RealMethodCall.invoke(MockMethodAdvice.java:234)
	at org.mockito.internal.invocation.InterceptedInvocation.callRealMethod(InterceptedInvocation.java:142)
	at org.mockito.internal.stubbing.answers.CallsRealMethods.answer(CallsRealMethods.java:45)
	at org.mockito.Answers.answer(Answers.java:90)
	at org.mockito.internal.handler.MockHandlerImpl.handle(MockHandlerImpl.java:111)
	at org.mockito.internal.handler.NullResultGuardian.handle(NullResultGuardian.java:29)
	at org.mockito.internal.handler.InvocationNotifierHandler.handle(InvocationNotifierHandler.java:34)
	at org.mockito.internal.creation.bytebuddy.MockMethodInterceptor.doIntercept(MockMethodInterceptor.java:82)
	at org.mockito.internal.creation.bytebuddy.MockMethodAdvice.handle(MockMethodAdvice.java:134)
	at de.tum.cit.aet.artemis.programming.service.GitService.getOrCheckoutRepository(GitService.java:271)
	at de.tum.cit.aet.artemis.programming.service.GitService.getOrCheckoutRepository(GitService.java:214)
	at java.base/java.lang.invoke.MethodHandle.invokeWithArguments(MethodHandle.java:733)
	at org.mockito.internal.util.reflection.InstrumentationMemberAccessor$Dispatcher$ByteBuddy$oog9jsgw.invokeWithArguments(Unknown Source)
	at org.mockito.internal.util.reflection.InstrumentationMemberAccessor.invoke(InstrumentationMemberAccessor.java:251)
	at org.mockito.internal.util.reflection.ModuleMemberAccessor.invoke(ModuleMemberAccessor.java:55)
	at org.mockito.internal.creation.bytebuddy.MockMethodAdvice.tryInvoke(MockMethodAdvice.java:314)
	at org.mockito.internal.creation.bytebuddy.MockMethodAdvice$RealMethodCall.invoke(MockMethodAdvice.java:234)
	at org.mockito.internal.invocation.InterceptedInvocation.callRealMethod(InterceptedInvocation.java:142)
	at org.mockito.internal.stubbing.answers.CallsRealMethods.answer(CallsRealMethods.java:45)
	at org.mockito.Answers.answer(Answers.java:90)
	at org.mockito.internal.handler.MockHandlerImpl.handle(MockHandlerImpl.java:111)
	at org.mockito.internal.handler.NullResultGuardian.handle(NullResultGuardian.java:29)
	at org.mockito.internal.handler.InvocationNotifierHandler.handle(InvocationNotifierHandler.java:34)
	at org.mockito.internal.creation.bytebuddy.MockMethodInterceptor.doIntercept(MockMethodInterceptor.java:82)
	at org.mockito.internal.creation.bytebuddy.MockMethodAdvice.handle(MockMethodAdvice.java:134)
	... 7 common frames omitted
Caused by: org.eclipse.jgit.errors.NoRemoteRepositoryException: file:///tmp/studentRepo9589023244929469074/EXAMC7D62D4E08019046D808E890BCE2994E7205TE51/examc7d62d4e08019046d808e890bce2994e7205te51-dataexportcreationstudent1.git: not found.
	at org.eclipse.jgit.transport.TransportLocal$1.open(TransportLocal.java:100)
	at org.eclipse.jgit.transport.TransportBundleFile$1.open(TransportBundleFile.java:74)
	at org.eclipse.jgit.transport.Transport.open(Transport.java:525)
	at org.eclipse.jgit.transport.Transport.open(Transport.java:400)
	at org.eclipse.jgit.transport.Transport.open(Transport.java:279)
	at org.eclipse.jgit.transport.Transport.open(Transport.java:247)
	at org.eclipse.jgit.api.FetchCommand.call(FetchCommand.java:217)
	... 88 common frames omitted
    23:42:32.569 | 347 ool-1-worker-111 | DEBUG | d.t.c.a.a.c.s.n.MailService          : Sending 'DATA_EXPORT_CREATED' notification email to 'dataexportcreationstudent1@test.de'
    23:42:32.579 |  68 artemis-task-1   | DEBUG | d.t.c.a.a.c.s.n.MailSendingService   : Send email[multipart 'false' and html 'true'] to 'User{login='dataexportcreationstudent1', firstName='dataexportcreationstudent1First', lastName='dataexportcreationstudent1Last', email='dataexportcreationstudent1@test.de', imageUrl='null', activated='true', langKey='en', activationKey='null'}' with subject 'Your Artemis data export has been successfully created'
    23:42:32.579 |  68 artemis-task-1   | INFO  | d.t.c.a.a.c.s.n.MailSendingService   : Sent email with subject 'Your Artemis data export has been successfully created' to User 'User{login='dataexportcreationstudent1', firstName='dataexportcreationstudent1First', lastName='dataexportcreationstudent1Last', email='dataexportcreationstudent1@test.de', imageUrl='null', activated='true', langKey='en', activationKey='null'}'

  Starting logs for DataExportCreationServiceTest > testDataExportCreationSuccess_containsCorrectCourseContent()
    23:42:32.655 | 347 ool-1-worker-111 | DEBUG | d.t.c.a.a.c.u.util.UserUtilService   : Generate 2 students...
    23:42:32.664 | 347 ool-1-worker-111 | DEBUG | d.t.c.a.a.c.u.util.UserUtilService   : 2 students generated. Generate 5 tutors...
    23:42:32.678 | 347 ool-1-worker-111 | DEBUG | d.t.c.a.a.c.u.util.UserUtilService   : 5 tutors generated. Generate 0 editors...
    23:42:32.680 | 347 ool-1-worker-111 | DEBUG | d.t.c.a.a.c.u.util.UserUtilService   : 0 editors generated. Generate 1 instructors...
    23:42:32.682 | 347 ool-1-worker-111 | DEBUG | d.t.c.a.a.c.u.util.UserUtilService   : 1 instructors generated
    23:42:32.684 | 347 ool-1-worker-111 | DEBUG | d.t.c.a.a.c.u.util.UserUtilService   : Removing 8 users from all courses...
    23:42:32.685 | 347 ool-1-worker-111 | DEBUG | d.t.c.a.a.c.u.util.UserUtilService   : Removing 8 users from all courses. Done
    23:42:32.685 | 347 ool-1-worker-111 | DEBUG | d.t.c.a.a.c.u.util.UserUtilService   : Save 8 users to database...
    23:42:32.693 | 347 ool-1-worker-111 | DEBUG | d.t.c.a.a.c.u.util.UserUtilService   : Save 8 users to database. Done
    23:42:32.707 | 347 ool-1-worker-111 | INFO  | i.z.t.d.l.EmbeddedDatabaseReporter   : JDBC URL to connect to 'dataSource': url='jdbc:h2:tcp://localhost:41063/mem:736625c0-cf5e-400d-aeaa-8a7eabd6262b;USER=sa', scope='DataExportCreationServiceTest#testDataExportCreationSuccess_containsCorrectCourseContent'
    23:42:32.756 | 347 ool-1-worker-111 | DEBUG | .c.s.m.InstanceMessageReceiveService : Received schedule participant score for exercise 236 and participant 623 (result to be deleted: null)
    23:42:32.756 | 347 ool-1-worker-111 | DEBUG | .a.s.ParticipantScoreScheduleService : Scheduled task for exercise 236 and participant 623 at 2025-02-14T23:42:32.856439894Z[Etc/UTC].
    23:42:32.765 | 347 ool-1-worker-111 | DEBUG | .c.s.m.InstanceMessageReceiveService : Received schedule participant score for exercise 236 and participant 623 (result to be deleted: null)
    23:42:32.765 | 347 ool-1-worker-111 | DEBUG | .a.s.ParticipantScoreScheduleService : Scheduled task for exercise 236 and participant 623 at 2025-02-14T23:42:32.865353676Z[Etc/UTC].
    23:42:32.824 | 347 ool-1-worker-111 | DEBUG | .c.s.m.InstanceMessageReceiveService : Received schedule participant score for exercise 237 and participant 623 (result to be deleted: null)
    23:42:32.824 | 347 ool-1-worker-111 | DEBUG | .a.s.ParticipantScoreScheduleService : Scheduled task for exercise 237 and participant 623 at 2025-02-14T23:42:32.924975024Z[Etc/UTC].
    23:42:32.840 | 347 ool-1-worker-111 | DEBUG | .c.s.m.InstanceMessageReceiveService : Received schedule participant score for exercise 237 and participant 623 (result to be deleted: null)
    23:42:32.840 | 347 ool-1-worker-111 | DEBUG | .a.s.ParticipantScoreScheduleService : Scheduled task for exercise 237 and participant 623 at 2025-02-14T23:42:32.940218010Z[Etc/UTC].
    23:42:32.865 | 327 taskScheduler-2  | DEBUG | .a.s.ParticipantScoreScheduleService : Processing exercise 236 and participant 623 to update participant scores.
    23:42:32.874 | 347 ool-1-worker-111 | DEBUG | .c.s.m.InstanceMessageReceiveService : Received schedule participant score for exercise 238 and participant 623 (result to be deleted: null)
    23:42:32.874 | 347 ool-1-worker-111 | DEBUG | .a.s.ParticipantScoreScheduleService : Scheduled task for exercise 238 and participant 623 at 2025-02-14T23:42:32.974965295Z[Etc/UTC].
    23:42:32.879 | 347 ool-1-worker-111 | DEBUG | .c.s.m.InstanceMessageReceiveService : Received schedule participant score for exercise 238 and participant 623 (result to be deleted: null)
    23:42:32.879 | 347 ool-1-worker-111 | DEBUG | .a.s.ParticipantScoreScheduleService : Scheduled task for exercise 238 and participant 623 at 2025-02-14T23:42:32.979777958Z[Etc/UTC].
    23:42:32.898 | 327 taskScheduler-2  | DEBUG | .a.s.ParticipantScoreScheduleService : Updated participant score 31.
    23:42:32.899 | 327 taskScheduler-2  | DEBUG | .a.s.ParticipantScoreScheduleService : Updating the participant score for exercise 236 and participant 623 took 34 ms.
    23:42:32.915 | 347 ool-1-worker-111 | DEBUG | .c.s.m.InstanceMessageReceiveService : Received schedule participant score for exercise 239 and participant 623 (result to be deleted: null)
    23:42:32.915 | 347 ool-1-worker-111 | DEBUG | .a.s.ParticipantScoreScheduleService : Scheduled task for exercise 239 and participant 623 at 2025-02-14T23:42:33.015859318Z[Etc/UTC].
    23:42:32.920 | 347 ool-1-worker-111 | DEBUG | .c.s.m.InstanceMessageReceiveService : Received schedule participant score for exercise 239 and participant 623 (result to be deleted: null)
    23:42:32.920 | 347 ool-1-worker-111 | DEBUG | .a.s.ParticipantScoreScheduleService : Scheduled task for exercise 239 and participant 623 at 2025-02-14T23:42:33.020821339Z[Etc/UTC].
    23:42:32.940 | 328 taskScheduler-3  | DEBUG | .a.s.ParticipantScoreScheduleService : Processing exercise 237 and participant 623 to update participant scores.
    23:42:32.960 | 328 taskScheduler-3  | DEBUG | .a.s.ParticipantScoreScheduleService : Updated participant score 32.
    23:42:32.967 | 328 taskScheduler-3  | DEBUG | .a.s.ParticipantScoreScheduleService : Updating the participant score for exercise 237 and participant 623 took 27 ms.
    23:42:32.979 | 326 taskScheduler-1  | DEBUG | .a.s.ParticipantScoreScheduleService : Processing exercise 238 and participant 623 to update participant scores.
    23:42:32.982 | 347 ool-1-worker-111 | INFO  | .c.a.a.c.s.TitleCacheEvictionService : Evicted entry '240' from title cache 'exerciseTitle'
    23:42:33.007 | 326 taskScheduler-1  | DEBUG | .a.s.ParticipantScoreScheduleService : Updated participant score 33.
    23:42:33.008 | 326 taskScheduler-1  | DEBUG | .a.s.ParticipantScoreScheduleService : Updating the participant score for exercise 238 and participant 623 took 29 ms.
    23:42:33.022 | 329 taskScheduler-4  | DEBUG | .a.s.ParticipantScoreScheduleService : Processing exercise 239 and participant 623 to update participant scores.
    23:42:33.033 | 329 taskScheduler-4  | DEBUG | .a.s.ParticipantScoreScheduleService : Updated participant score 34.
    23:42:33.033 | 329 taskScheduler-4  | DEBUG | .a.s.ParticipantScoreScheduleService : Updating the participant score for exercise 239 and participant 623 took 11 ms.
    23:42:33.043 | 347 ool-1-worker-111 | DEBUG | .c.s.m.InstanceMessageReceiveService : Received schedule participant score for exercise 240 and participant 623 (result to be deleted: null)
    23:42:33.043 | 347 ool-1-worker-111 | DEBUG | .a.s.ParticipantScoreScheduleService : Scheduled task for exercise 240 and participant 623 at 2025-02-14T23:42:33.143160117Z[Etc/UTC].
    23:42:33.080 | 347 ool-1-worker-111 | DEBUG | .c.s.m.InstanceMessageReceiveService : Received schedule participant score for exercise 240 and participant 623 (result to be deleted: null)
    23:42:33.080 | 347 ool-1-worker-111 | DEBUG | .a.s.ParticipantScoreScheduleService : Scheduled task for exercise 240 and participant 623 at 2025-02-14T23:42:33.180345014Z[Etc/UTC].
    23:42:33.180 | 328 taskScheduler-3  | DEBUG | .a.s.ParticipantScoreScheduleService : Processing exercise 240 and participant 623 to update participant scores.
    23:42:33.191 | 328 taskScheduler-3  | DEBUG | .a.s.ParticipantScoreScheduleService : Updated participant score 35.
    23:42:33.192 | 328 taskScheduler-3  | DEBUG | .a.s.ParticipantScoreScheduleService : Updating the participant score for exercise 240 and participant 623 took 12 ms.
    23:42:33.216 | 347 ool-1-worker-111 | DEBUG | .c.s.m.InstanceMessageReceiveService : Received schedule participant score for exercise 241 and participant 623 (result to be deleted: null)
    23:42:33.216 | 347 ool-1-worker-111 | DEBUG | .a.s.ParticipantScoreScheduleService : Scheduled task for exercise 241 and participant 623 at 2025-02-14T23:42:33.316833042Z[Etc/UTC].
    23:42:33.223 | 347 ool-1-worker-111 | DEBUG | .c.s.m.InstanceMessageReceiveService : Received schedule participant score for exercise 241 and participant 623 (result to be deleted: null)
    23:42:33.223 | 347 ool-1-worker-111 | DEBUG | .a.s.ParticipantScoreScheduleService : Scheduled task for exercise 241 and participant 623 at 2025-02-14T23:42:33.323314115Z[Etc/UTC].
    23:42:33.225 | 347 ool-1-worker-111 | DEBUG | .c.s.m.InstanceMessageReceiveService : Received schedule participant score for exercise 241 and participant 623 (result to be deleted: null)
    23:42:33.225 | 347 ool-1-worker-111 | DEBUG | .a.s.ParticipantScoreScheduleService : Scheduled task for exercise 241 and participant 623 at 2025-02-14T23:42:33.325672612Z[Etc/UTC].
    23:42:33.237 | 347 ool-1-worker-111 | DEBUG | .c.s.m.InstanceMessageReceiveService : Received schedule participant score for exercise 241 and participant 623 (result to be deleted: null)
    23:42:33.237 | 347 ool-1-worker-111 | DEBUG | .a.s.ParticipantScoreScheduleService : Scheduled task for exercise 241 and participant 623 at 2025-02-14T23:42:33.337320338Z[Etc/UTC].
    23:42:33.247 | 347 ool-1-worker-111 | DEBUG | .c.s.m.InstanceMessageReceiveService : Received schedule participant score for exercise 241 and participant 623 (result to be deleted: null)
    23:42:33.247 | 347 ool-1-worker-111 | DEBUG | .a.s.ParticipantScoreScheduleService : Scheduled task for exercise 241 and participant 623 at 2025-02-14T23:42:33.347309402Z[Etc/UTC].
    23:42:33.256 | 347 ool-1-worker-111 | DEBUG | .c.s.m.InstanceMessageReceiveService : Received schedule participant score for exercise 241 and participant 623 (result to be deleted: null)
    23:42:33.256 | 347 ool-1-worker-111 | DEBUG | .a.s.ParticipantScoreScheduleService : Scheduled task for exercise 241 and participant 623 at 2025-02-14T23:42:33.356163329Z[Etc/UTC].
    23:42:33.260 | 347 ool-1-worker-111 | DEBUG | .c.s.m.InstanceMessageReceiveService : Received schedule participant score for exercise 241 and participant 623 (result to be deleted: null)
    23:42:33.260 | 347 ool-1-worker-111 | DEBUG | .a.s.ParticipantScoreScheduleService : Scheduled task for exercise 241 and participant 623 at 2025-02-14T23:42:33.360930797Z[Etc/UTC].
    23:42:33.269 | 347 ool-1-worker-111 | DEBUG | .c.s.m.InstanceMessageReceiveService : Received schedule participant score for exercise 241 and participant 623 (result to be deleted: null)
    23:42:33.269 | 347 ool-1-worker-111 | DEBUG | .a.s.ParticipantScoreScheduleService : Scheduled task for exercise 241 and participant 623 at 2025-02-14T23:42:33.369876105Z[Etc/UTC].
    23:42:33.280 | 347 ool-1-worker-111 | DEBUG | .c.s.m.InstanceMessageReceiveService : Received schedule participant score for exercise 241 and participant 623 (result to be deleted: null)
    23:42:33.280 | 347 ool-1-worker-111 | DEBUG | .a.s.ParticipantScoreScheduleService : Scheduled task for exercise 241 and participant 623 at 2025-02-14T23:42:33.380377954Z[Etc/UTC].
    23:42:33.380 | 327 taskScheduler-2  | DEBUG | .a.s.ParticipantScoreScheduleService : Processing exercise 241 and participant 623 to update participant scores.
    23:42:33.388 | 327 taskScheduler-2  | DEBUG | .a.s.ParticipantScoreScheduleService : Updated participant score 36.
    23:42:33.389 | 327 taskScheduler-2  | DEBUG | .a.s.ParticipantScoreScheduleService : Updating the participant score for exercise 241 and participant 623 took 9 ms.
    23:42:33.447 | 347 ool-1-worker-111 | INFO  | .a.a.c.s.e.DataExportCreationService : Creating data export for user dataexportcreationstudent1
    23:42:33.462 | 347 ool-1-worker-111 | INFO  | c.a.a.m.s.a.ApollonConversionService : Calling Remote Service to convert for model.
    23:42:33.467 | 347 ool-1-worker-111 | INFO  | c.a.a.m.s.a.ApollonConversionService : Calling Remote Service to convert for model.
    23:42:33.518 | 347 ool-1-worker-111 | INFO  | p.s.ProgrammingExerciseExportService : Request to export the repositories of programming exercise 229 with title 'Programming' of 1 students or teams
    23:42:33.518 | 347 ool-1-worker-111 | DEBUG | p.s.ProgrammingExerciseExportService : Export repositories for students or teams: dataexportcreationstudent1
    23:42:33.518 | 347 ool-1-worker-111 | INFO  | p.s.ProgrammingExerciseExportService : export student repositories for programming exercise 229 in parallel
    23:42:33.518 | 907 ool-389-thread-1 | DEBUG | p.s.ProgrammingExerciseExportService : invoke createZipForRepositoryWithParticipation for participation 448
    23:42:33.519 | 907 ool-389-thread-1 | DEBUG | d.t.c.a.a.p.service.GitService       : Cloning from file:/tmp/studentRepo6966133362892667074/FUTUREB8B345280FDC1048D10AA9F0856B9A507972TSTEXC/futureb8b345280fdc1048d10aa9f0856b9a507972tstexc-dataexportcreationstudent1.git to repos-download/server-integration-test/1739576553518/1739576553519/futureb8b345280fdc1048d10aa9f0856b9a507972tstexc-dataexportcreationstudent1.git
    23:42:33.525 | 907 ool-389-thread-1 | ERROR | d.t.c.a.a.p.service.GitService       : Could not delete directory after failed clone: /home/runner/work/Artemis/Artemis/repos-download/server-integration-test/1739576553518/1739576553519/futureb8b345280fdc1048d10aa9f0856b9a507972tstexc-dataexportcreationstudent1.git
    23:42:33.526 | 907 ool-389-thread-1 | ERROR | p.s.ProgrammingExerciseExportService : Failed to create zip for participation id 448 with exercise id 229 because of the following exception 
de.tum.cit.aet.artemis.core.exception.GitException: org.eclipse.jgit.api.errors.InvalidRemoteException: Invalid remote: origin
	at de.tum.cit.aet.artemis.programming.service.GitService.getOrCheckoutRepository(GitService.java:409)
	at de.tum.cit.aet.artemis.programming.service.GitService.getOrCheckoutRepository(GitService.java:368)
	at de.tum.cit.aet.artemis.programming.service.GitService.getOrCheckoutRepository(GitService.java:348)
	at de.tum.cit.aet.artemis.programming.service.GitService.getOrCheckoutRepository(GitService.java:331)
	at de.tum.cit.aet.artemis.programming.service.GitService.getOrCheckoutRepository(GitService.java:272)
	at de.tum.cit.aet.artemis.programming.service.GitService.getOrCheckoutRepository(GitService.java:271)
	at de.tum.cit.aet.artemis.programming.service.GitService.getOrCheckoutRepository(GitService.java:214)
	at de.tum.cit.aet.artemis.programming.service.GitService.getOrCheckoutRepository(GitService.java:213)
	at de.tum.cit.aet.artemis.programming.service.ProgrammingExerciseExportService.getRepositoryWithParticipation(ProgrammingExerciseExportService.java:715)
	at de.tum.cit.aet.artemis.programming.service.ProgrammingExerciseExportService.lambda$exportStudentRepositories$5(ProgrammingExerciseExportService.java:622)
	at java.base/java.util.concurrent.CompletableFuture$AsyncRun.run(CompletableFuture.java:1804)
	at java.base/java.util.concurrent.ThreadPoolExecutor.runWorker(ThreadPoolExecutor.java:1144)
	at java.base/java.util.concurrent.ThreadPoolExecutor$Worker.run(ThreadPoolExecutor.java:642)
	at java.base/java.lang.Thread.run(Thread.java:1583)
Caused by: org.eclipse.jgit.api.errors.InvalidRemoteException: Invalid remote: origin
	at org.eclipse.jgit.api.FetchCommand.call(FetchCommand.java:246)
	at org.eclipse.jgit.api.CloneCommand.fetch(CloneCommand.java:319)
	at org.eclipse.jgit.api.CloneCommand.call(CloneCommand.java:189)
	at de.tum.cit.aet.artemis.programming.service.GitService.getOrCheckoutRepository(GitService.java:400)
[...]
    23:42:36.904 |  31 nPool-1-worker-5 | INFO  | i.z.t.d.l.EmbeddedDatabaseReporter   : JDBC URL to connect to 'dataSource': url='jdbc:h2:tcp://localhost:41063/mem:df70fc46-7e57-4cb5-9cd0-c1d90c14afa7;USER=sa', scope='ComplaintResponseIntegrationTest#removeLock_creatorAndLockInactive_shouldRemoveLock'
    23:42:36.908 |  31 nPool-1-worker-5 | DEBUG | d.t.c.a.a.c.s.f.ApiVersionFilter     : Adding Version to Request DELETE /api/complaints/88/response
    23:42:36.909 |  31 nPool-1-worker-5 | DEBUG | .c.a.a.a.w.ComplaintResponseResource : REST request to remove the lock on the complaint with the id: 88
    23:42:36.920 |  31 nPool-1-worker-5 | DEBUG | t.c.a.a.a.s.ComplaintResponseService : Removed empty complaint and thus lock for complaint with id : 88

  Starting logs for ComplaintResponseIntegrationTest > refreshLock_LockActiveBUTInitialCreatorOfLock_shouldRefreshLock()
    23:42:36.955 |  31 nPool-1-worker-5 | DEBUG | d.t.c.a.a.c.u.util.UserUtilService   : Generate 1 students...
    23:42:36.959 |  31 nPool-1-worker-5 | DEBUG | d.t.c.a.a.c.u.util.UserUtilService   : 1 students generated. Generate 3 tutors...
    23:42:36.964 |  31 nPool-1-worker-5 | DEBUG | d.t.c.a.a.c.u.util.UserUtilService   : 3 tutors generated. Generate 0 editors...
    23:42:36.965 |  31 nPool-1-worker-5 | DEBUG | d.t.c.a.a.c.u.util.UserUtilService   : 0 editors generated. Generate 1 instructors...
    23:42:36.968 |  31 nPool-1-worker-5 | DEBUG | d.t.c.a.a.c.u.util.UserUtilService   : 1 instructors generated
    23:42:36.969 |  31 nPool-1-worker-5 | DEBUG | d.t.c.a.a.c.u.util.UserUtilService   : Removing 5 users from all courses...
    23:42:36.970 |  31 nPool-1-worker-5 | DEBUG | d.t.c.a.a.c.u.util.UserUtilService   : Removing 5 users from all courses. Done
    23:42:36.970 |  31 nPool-1-worker-5 | DEBUG | d.t.c.a.a.c.u.util.UserUtilService   : Save 5 users to database...
    23:42:36.978 |  31 nPool-1-worker-5 | DEBUG | d.t.c.a.a.c.u.util.UserUtilService   : Save 5 users to database. Done
    23:42:36.986 |  31 nPool-1-worker-5 | DEBUG | .c.s.m.InstanceMessageReceiveService : Received schedule participant score for exercise 200 and participant 24 (result to be deleted: null)
    23:42:36.986 |  31 nPool-1-worker-5 | DEBUG | .a.s.ParticipantScoreScheduleService : Scheduled task for exercise 200 and participant 24 at 2025-02-14T23:42:37.086070152Z[Etc/UTC].
    23:42:36.990 |  31 nPool-1-worker-5 | DEBUG | .c.s.m.InstanceMessageReceiveService : Received schedule participant score for exercise 200 and participant 24 (result to be deleted: null)
    23:42:36.990 |  31 nPool-1-worker-5 | DEBUG | .a.s.ParticipantScoreScheduleService : Scheduled task for exercise 200 and participant 24 at 2025-02-14T23:42:37.090718131Z[Etc/UTC].
    23:42:36.991 |  31 nPool-1-worker-5 | DEBUG | a.a.ComplaintResponseIntegrationTest : 3 Test setup submissions done
    23:42:36.991 |  31 nPool-1-worker-5 | DEBUG | a.a.ComplaintResponseIntegrationTest : 4 Test setup complaints done
    23:42:36.992 |  31 nPool-1-worker-5 | INFO  | i.z.t.d.l.EmbeddedDatabaseReporter   : JDBC URL to connect to 'dataSource': url='jdbc:h2:tcp://localhost:41063/mem:df70fc46-7e57-4cb5-9cd0-c1d90c14afa7;USER=sa', scope='ComplaintResponseIntegrationTest#refreshLock_LockActiveBUTInitialCreatorOfLock_shouldRefreshLock'
    23:42:36.994 |  31 nPool-1-worker-5 | DEBUG | d.t.c.a.a.c.s.f.ApiVersionFilter     : Adding Version to Request PATCH /api/complaints/89/response
    23:42:36.995 |  31 nPool-1-worker-5 | DEBUG | .c.a.a.a.w.ComplaintResponseResource : REST request to refresh empty complaint response for complaint with id: 89
    23:42:37.002 |  31 nPool-1-worker-5 | DEBUG | t.c.a.a.a.s.ComplaintResponseService : Refreshed empty complaint and thus lock for complaint with id : 89

  Starting logs for ComplaintResponseIntegrationTest > testAll_asStudent()
    23:42:37.020 |  31 nPool-1-worker-5 | DEBUG | d.t.c.a.a.c.u.util.UserUtilService   : Generate 1 students...
    23:42:37.023 |  31 nPool-1-worker-5 | DEBUG | d.t.c.a.a.c.u.util.UserUtilService   : 1 students generated. Generate 3 tutors...
    23:42:37.028 |  31 nPool-1-worker-5 | DEBUG | d.t.c.a.a.c.u.util.UserUtilService   : 3 tutors generated. Generate 0 editors...
    23:42:37.029 |  31 nPool-1-worker-5 | DEBUG | d.t.c.a.a.c.u.util.UserUtilService   : 0 editors generated. Generate 1 instructors...
    23:42:37.032 |  31 nPool-1-worker-5 | DEBUG | d.t.c.a.a.c.u.util.UserUtilService   : 1 instructors generated
    23:42:37.033 |  31 nPool-1-worker-5 | DEBUG | d.t.c.a.a.c.u.util.UserUtilService   : Removing 5 users from all courses...
    23:42:37.034 |  31 nPool-1-worker-5 | DEBUG | d.t.c.a.a.c.u.util.UserUtilService   : Removing 5 users from all courses. Done
    23:42:37.034 |  31 nPool-1-worker-5 | DEBUG | d.t.c.a.a.c.u.util.UserUtilService   : Save 5 users to database...
    23:42:37.039 |  31 nPool-1-worker-5 | DEBUG | d.t.c.a.a.c.u.util.UserUtilService   : Save 5 users to database. Done
    23:42:37.047 |  31 nPool-1-worker-5 | DEBUG | .c.s.m.InstanceMessageReceiveService : Received schedule participant score for exercise 201 and participant 24 (result to be deleted: null)
    23:42:37.047 |  31 nPool-1-worker-5 | DEBUG | .a.s.ParticipantScoreScheduleService : Scheduled task for exercise 201 and participant 24 at 2025-02-14T23:42:37.147229242Z[Etc/UTC].
    23:42:37.051 |  31 nPool-1-worker-5 | DEBUG | .c.s.m.InstanceMessageReceiveService : Received schedule participant score for exercise 201 and participant 24 (result to be deleted: null)
    23:42:37.051 |  31 nPool-1-worker-5 | DEBUG | .a.s.ParticipantScoreScheduleService : Scheduled task for exercise 201 and participant 24 at 2025-02-14T23:42:37.151677608Z[Etc/UTC].
    23:42:37.052 |  31 nPool-1-worker-5 | DEBUG | a.a.ComplaintResponseIntegrationTest : 3 Test setup submissions done
    23:42:37.052 |  31 nPool-1-worker-5 | DEBUG | a.a.ComplaintResponseIntegrationTest : 4 Test setup complaints done
    23:42:37.052 |  31 nPool-1-worker-5 | INFO  | i.z.t.d.l.EmbeddedDatabaseReporter   : JDBC URL to connect to 'dataSource': url='jdbc:h2:tcp://localhost:41063/mem:df70fc46-7e57-4cb5-9cd0-c1d90c14afa7;USER=sa', scope='ComplaintResponseIntegrationTest#testAll_asStudent'
    23:42:37.054 |  31 nPool-1-worker-5 | DEBUG | d.t.c.a.a.c.s.f.ApiVersionFilter     : Adding Version to Request POST /api/complaints/90/response
    23:42:37.055 |  31 nPool-1-worker-5 | WARN  | o.z.p.spring.common.AdviceTraits     : Forbidden: Access Denied
    23:42:37.057 |  31 nPool-1-worker-5 | DEBUG | d.t.c.a.a.c.s.f.ApiVersionFilter     : Adding Version to Request DELETE /api/complaints/90/response
    23:42:37.058 |  31 nPool-1-worker-5 | WARN  | o.z.p.spring.common.AdviceTraits     : Forbidden: Access Denied
    23:42:37.059 |  31 nPool-1-worker-5 | DEBUG | d.t.c.a.a.c.s.f.ApiVersionFilter     : Adding Version to Request PATCH /api/complaints/90/response
    23:42:37.060 |  31 nPool-1-worker-5 | WARN  | o.z.p.spring.common.AdviceTraits     : Forbidden: Access Denied
    23:42:37.062 |  31 nPool-1-worker-5 | DEBUG | d.t.c.a.a.c.s.f.ApiVersionFilter     : Adding Version to Request PATCH /api/complaints/90/response
    23:42:37.063 |  31 nPool-1-worker-5 | WARN  | o.z.p.spring.common.AdviceTraits     : Forbidden: Access Denied

  Starting logs for ComplaintResponseIntegrationTest > createLock_complaintDoesNotExistInDb_shouldThrowIllegalArgumentException()
    23:42:37.085 |  31 nPool-1-worker-5 | DEBUG | d.t.c.a.a.c.u.util.UserUtilService   : Generate 1 students...
    23:42:37.092 |  31 nPool-1-worker-5 | DEBUG | d.t.c.a.a.c.u.util.UserUtilService   : 1 students generated. Generate 3 tutors...
    23:42:37.101 |  31 nPool-1-worker-5 | DEBUG | d.t.c.a.a.c.u.util.UserUtilService   : 3 tutors generated. Generate 0 editors...
    23:42:37.105 |  31 nPool-1-worker-5 | DEBUG | d.t.c.a.a.c.u.util.UserUtilService   : 0 editors generated. Generate 1 instructors...
    23:42:37.111 |  31 nPool-1-worker-5 | DEBUG | d.t.c.a.a.c.u.util.UserUtilService   : 1 instructors generated
    23:42:37.112 |  31 nPool-1-worker-5 | DEBUG | d.t.c.a.a.c.u.util.UserUtilService   : Removing 5 users from all courses...
    23:42:37.116 |  31 nPool-1-worker-5 | DEBUG | d.t.c.a.a.c.u.util.UserUtilService   : Removing 5 users from all courses. Done
    23:42:37.116 |  31 nPool-1-worker-5 | DEBUG | d.t.c.a.a.c.u.util.UserUtilService   : Save 5 users to database...
    23:42:37.124 |  31 nPool-1-worker-5 | DEBUG | d.t.c.a.a.c.u.util.UserUtilService   : Save 5 users to database. Done
    23:42:37.137 |  31 nPool-1-worker-5 | DEBUG | .c.s.m.InstanceMessageReceiveService : Received schedule participant score for exercise 202 and participant 24 (result to be deleted: null)
    23:42:37.137 |  31 nPool-1-worker-5 | DEBUG | .a.s.ParticipantScoreScheduleService : Scheduled task for exercise 202 and participant 24 at 2025-02-14T23:42:37.237385400Z[Etc/UTC].
    23:42:37.147 |  31 nPool-1-worker-5 | DEBUG | .c.s.m.InstanceMessageReceiveService : Received schedule participant score for exercise 202 and participant 24 (result to be deleted: null)
    23:42:37.147 |  31 nPool-1-worker-5 | DEBUG | .a.s.ParticipantScoreScheduleService : Scheduled task for exercise 202 and participant 24 at 2025-02-14T23:42:37.247218336Z[Etc/UTC].
    23:42:37.147 |  31 nPool-1-worker-5 | DEBUG | a.a.ComplaintResponseIntegrationTest : 3 Test setup submissions done
    23:42:37.148 |  31 nPool-1-worker-5 | DEBUG | a.a.ComplaintResponseIntegrationTest : 4 Test setup complaints done
    23:42:37.148 |  31 nPool-1-worker-5 | INFO  | i.z.t.d.l.EmbeddedDatabaseReporter   : JDBC URL to connect to 'dataSource': url='jdbc:h2:tcp://localhost:41063/mem:df70fc46-7e57-4cb5-9cd0-c1d90c14afa7;USER=sa', scope='ComplaintResponseIntegrationTest#createLock_complaintDoesNotExistInDb_shouldThrowIllegalArgumentException'
    23:42:37.150 |  31 nPool-1-worker-5 | DEBUG | d.t.c.a.a.c.s.f.ApiVersionFilter     : Adding Version to Request PATCH /api/complaints/0/response
    23:42:37.152 |  31 nPool-1-worker-5 | DEBUG | .c.a.a.a.w.ComplaintResponseResource : REST request to resolve the complaint with id: 0
    23:42:37.153 |  31 nPool-1-worker-5 | ERROR | o.z.p.spring.common.AdviceTraits     : Internal Server Error
java.lang.IllegalArgumentException: Complaint was not found in database
	at de.tum.cit.aet.artemis.assessment.web.ComplaintResponseResource.getComplaintFromDatabaseAndCheckAccessRights(ComplaintResponseResource.java:162)
	at de.tum.cit.aet.artemis.assessment.web.ComplaintResponseResource.resolveComplaint(ComplaintResponseResource.java:140)
	at de.tum.cit.aet.artemis.assessment.web.ComplaintResponseResource.refreshLockOrResolveComplaint(ComplaintResponseResource.java:107)
	at java.base/jdk.internal.reflect.DirectMethodHandleAccessor.invoke(DirectMethodHandleAccessor.java:103)
	at java.base/java.lang.reflect.Method.invoke(Method.java:580)
	at org.springframework.aop.support.AopUtils.invokeJoinpointUsingReflection(AopUtils.java:359)
	at org.springframework.aop.framework.ReflectiveMethodInvocation.invokeJoinpoint(ReflectiveMethodInvocation.java:196)
	at org.springframework.aop.framework.ReflectiveMethodInvocation.proceed(ReflectiveMethodInvocation.java:163)
	at org.springframework.security.authorization.method.AuthorizationManagerBeforeMethodInterceptor.proceed(AuthorizationManagerBeforeMethodInterceptor.java:268)
	at org.springframework.security.authorization.method.AuthorizationManagerBeforeMethodInterceptor.attemptAuthorization(AuthorizationManagerBeforeMethodInterceptor.java:263)
	at org.springframework.security.authorization.method.AuthorizationManagerBeforeMethodInterceptor.invoke(AuthorizationManagerBeforeMethodInterceptor.java:196)
	at org.springframework.security.config.annotation.method.configuration.DeferringMethodInterceptor.invoke(DeferringMethodInterceptor.java:44)
	at org.springframework.aop.framework.ReflectiveMethodInvocation.proceed(ReflectiveMethodInvocation.java:184)
	at org.springframework.aop.framework.CglibAopProxy$DynamicAdvisedInterceptor.intercept(CglibAopProxy.java:727)
	at de.tum.cit.aet.artemis.assessment.web.ComplaintResponseResource$$SpringCGLIB$$0.refreshLockOrResolveComplaint(<generated>)
	at java.base/jdk.internal.reflect.DirectMethodHandleAccessor.invoke(DirectMethodHandleAccessor.java:103)
	at java.base/java.lang.reflect.Method.invoke(Method.java:580)
	at org.springframework.web.method.support.InvocableHandlerMethod.doInvoke(InvocableHandlerMethod.java:257)
	at org.springframework.web.method.support.InvocableHandlerMethod.invokeForRequest(InvocableHandlerMethod.java:190)
	at org.springframework.web.servlet.mvc.method.annotation.ServletInvocableHandlerMethod.invokeAndHandle(ServletInvocableHandlerMethod.java:118)
	at org.springframework.web.servlet.mvc.method.annotation.RequestMappingHandlerAdapter.invokeHandlerMethod(RequestMappingHandlerAdapter.java:986)
	at org.springframework.web.servlet.mvc.method.annotation.RequestMappingHandlerAdapter.handleInternal(RequestMappingHandlerAdapter.java:891)
	at org.springframework.web.servlet.mvc.method.AbstractHandlerMethodAdapter.handle(AbstractHandlerMethodAdapter.java:87)
	at org.springframework.web.servlet.DispatcherServlet.doDispatch(DispatcherServlet.java:1088)
	at org.springframework.web.servlet.DispatcherServlet.doService(DispatcherServlet.java:978)
	at org.springframework.web.servlet.FrameworkServlet.processRequest(FrameworkServlet.java:1014)
	at org.springframework.web.servlet.FrameworkServlet.service(FrameworkServlet.java:888)
	at org.springframework.test.web.servlet.TestDispatcherServlet.service(TestDispatcherServlet.java:72)
	at jakarta.servlet.http.HttpServlet.service(HttpServlet.java:614)
	at org.springframework.mock.web.MockFilterChain$ServletFilterProxy.doFilter(MockFilterChain.java:165)
	at org.springframework.mock.web.MockFilterChain.doFilter(MockFilterChain.java:132)
	at org.springframework.web.filter.OncePerRequestFilter.doFilter(OncePerRequestFilter.java:110)
	at org.springframework.test.web.servlet.setup.MockMvcFilterDecorator.doFilter(MockMvcFilterDecorator.java:162)
	at org.springframework.mock.web.MockFilterChain.doFilter(MockFilterChain.java:132)
	at de.tum.cit.aet.artemis.core.security.filter.ApiVersionFilter.doFilter(ApiVersionFilter.java:55)
	at org.springframework.test.web.servlet.setup.MockMvcFilterDecorator.doFilter(MockMvcFilterDecorator.java:162)
	at org.springframework.mock.web.MockFilterChain.doFilter(MockFilterChain.java:132)
	at io.sentry.spring.jakarta.SentryUserFilter.doFilterInternal(SentryUserFilter.java:56)
	at org.springframework.web.filter.OncePerRequestFilter.doFilter(OncePerRequestFilter.java:116)
	at org.springframework.test.web.servlet.setup.MockMvcFilterDecorator.doFilter(MockMvcFilterDecorator.java:162)
	at org.springframework.mock.web.MockFilterChain.doFilter(MockFilterChain.java:132)
	at org.springframework.web.filter.CompositeFilter$VirtualFilterChain.doFilter(CompositeFilter.java:108)
	at org.springframework.security.web.FilterChainProxy.lambda$doFilterInternal$3(FilterChainProxy.java:231)
	at org.springframework.security.web.ObservationFilterChainDecorator$FilterObservation$SimpleFilterObservation.lambda$wrap$1(ObservationFilterChainDecorator.java:479)
	at org.springframework.security.web.ObservationFilterChainDecorator$AroundFilterObservation$SimpleAroundFilterObservation.lambda$wrap$1(ObservationFilterChainDecorator.java:340)
	at org.springframework.security.web.ObservationFilterChainDecorator.lambda$wrapSecured$0(ObservationFilterChainDecorator.java:82)
	at org.springframework.security.web.ObservationFilterChainDecorator$VirtualFilterChain.doFilter(ObservationFilterChainDecorator.java:128)
	at org.springframework.security.web.access.intercept.AuthorizationFilter.doFilter(AuthorizationFilter.java:101)
	at org.springframework.security.web.ObservationFilterChainDecorator$ObservationFilter.wrapFilter(ObservationFilterChainDecorator.java:240)
	at org.springframework.security.web.ObservationFilterChainDecorator$ObservationFilter.doFilter(ObservationFilterChainDecorator.java:227)
	at org.springframework.security.web.ObservationFilterChainDecorator$VirtualFilterChain.doFilter(ObservationFilterChainDecorator.java:137)
	at org.springframework.security.web.access.ExceptionTranslationFilter.doFilter(ExceptionTranslationFilter.java:126)
	at org.springframework.security.web.access.ExceptionTranslationFilter.doFilter(ExceptionTranslationFilter.java:120)
	at org.springframework.security.web.ObservationFilterChainDecorator$ObservationFilter.wrapFilter(ObservationFilterChainDecorator.java:240)
	at org.springframework.security.web.ObservationFilterChainDecorator$ObservationFilter.doFilter(ObservationFilterChainDecorator.java:227)
	at org.springframework.security.web.ObservationFilterChainDecorator$VirtualFilterChain.doFilter(ObservationFilterChainDecorator.java:137)
	at org.springframework.security.web.session.SessionManagementFilter.doFilter(SessionManagementFilter.java:131)
	at org.springframework.security.web.session.SessionManagementFilter.doFilter(SessionManagementFilter.java:85)
	at org.springframework.security.web.ObservationFilterChainDecorator$ObservationFilter.wrapFilter(ObservationFilterChainDecorator.java:240)
	at org.springframework.security.web.ObservationFilterChainDecorator$ObservationFilter.doFilter(ObservationFilterChainDecorator.java:227)
	at org.springframework.security.web.ObservationFilterChainDecorator$VirtualFilterChain.doFilter(ObservationFilterChainDecorator.java:137)
	at org.springframework.security.web.authentication.AnonymousAuthenticationFilter.doFilter(AnonymousAuthenticationFilter.java:100)
	at org.springframework.security.web.ObservationFilterChainDecorator$ObservationFilter.wrapFilter(ObservationFilterChainDecorator.java:240)
	at org.springframework.security.web.ObservationFilterChainDecorator$ObservationFilter.doFilter(ObservationFilterChainDecorator.java:227)
	at org.springframework.security.web.ObservationFilterChainDecorator$VirtualFilterChain.doFilter(ObservationFilterChainDecorator.java:137)
	at org.springframework.security.web.servletapi.SecurityContextHolderAwareRequestFilter.doFilter(SecurityContextHolderAwareRequestFilter.java:179)
	at org.springframework.security.web.ObservationFilterChainDecorator$ObservationFilter.wrapFilter(ObservationFilterChainDecorator.java:240)
	at org.springframework.security.web.ObservationFilterChainDecorator$ObservationFilter.doFilter(ObservationFilterChainDecorator.java:227)
	at org.springframework.security.web.ObservationFilterChainDecorator$VirtualFilterChain.doFilter(ObservationFilterChainDecorator.java:137)
	at org.springframework.security.web.savedrequest.RequestCacheAwareFilter.doFilter(RequestCacheAwareFilter.java:63)
	at org.springframework.security.web.ObservationFilterChainDecorator$ObservationFilter.wrapFilter(ObservationFilterChainDecorator.java:240)
	at org.springframework.security.web.ObservationFilterChainDecorator$ObservationFilter.doFilter(ObservationFilterChainDecorator.java:227)
	at org.springframework.security.web.ObservationFilterChainDecorator$VirtualFilterChain.doFilter(ObservationFilterChainDecorator.java:137)
	at de.tum.cit.aet.artemis.core.security.filter.SpaWebFilter.doFilterInternal(SpaWebFilter.java:23)
	at org.springframework.web.filter.OncePerRequestFilter.doFilter(OncePerRequestFilter.java:116)
	at org.springframework.security.web.ObservationFilterChainDecorator$ObservationFilter.wrapFilter(ObservationFilterChainDecorator.java:240)
	at org.springframework.security.web.ObservationFilterChainDecorator$ObservationFilter.doFilter(ObservationFilterChainDecorator.java:227)
	at org.springframework.security.web.ObservationFilterChainDecorator$VirtualFilterChain.doFilter(ObservationFilterChainDecorator.java:137)
	at org.springframework.web.filter.OncePerRequestFilter.doFilter(OncePerRequestFilter.java:110)
]]></system-out>
  <system-err><![CDATA[]]></system-err>
</testsuite>
